#
# There is insufficient memory for the Java Runtime Environment to continue.
# Native memory allocation (malloc) failed to allocate 32744 bytes for ChunkPool::allocate
# Possible reasons:
#   The system is out of physical RAM or swap space
#   The process is running with CompressedOops enabled, and the Java Heap may be blocking the growth of the native heap
# Possible solutions:
#   Reduce memory load on the system
#   Increase physical memory or swap space
#   Check if swap backing store is full
#   Decrease Java heap size (-Xmx/-Xms)
#   Decrease number of Java threads
#   Decrease Java thread stack sizes (-Xss)
#   Set larger code cache with -XX:ReservedCodeCacheSize=
#   JVM is running with Unscaled Compressed Oops mode in which the Java heap is
#     placed in the first 4GB address space. The Java Heap base address is the
#     maximum limit for the native heap growth. Please use -XX:HeapBaseMinAddress
#     to set the Java Heap base and to place the Java Heap above 4GB virtual address.
# This output file may be truncated or incomplete.
#
#  Out of Memory Error (allocation.cpp:272), pid=6612, tid=0x0000000000002324
#
# JRE version: OpenJDK Runtime Environment (8.0_242-b01) (build 1.8.0_242-release-1644-b01)
# Java VM: OpenJDK 64-Bit Server VM (25.242-b01 mixed mode windows-amd64 compressed oops)
# Failed to write core dump. Minidumps are not enabled by default on client versions of Windows
#

---------------  T H R E A D  ---------------

Current thread (0x000000001807e000):  JavaThread "C2 CompilerThread1" daemon [_thread_in_native, id=8996, stack(0x00000000197e0000,0x00000000198e0000)]

Stack: [0x00000000197e0000,0x00000000198e0000]
[error occurred during error reporting (printing stack bounds), id 0xc0000005]

Native frames: (J=compiled Java code, j=interpreted, Vv=VM code, C=native code)


Current CompileTask:
C2: 208243 15386 %     4       org.objectweb.asm.ClassReader::readCode @ 2165 (5089 bytes)


---------------  P R O C E S S  ---------------

Java Threads: ( => current thread )
  0x00000000206b8800 JavaThread "stdout" [_thread_in_native, id=13024, stack(0x000000002eba0000,0x000000002eca0000)]
  0x00000000206ac000 JavaThread "stderr" [_thread_in_native, id=12236, stack(0x000000002e710000,0x000000002e810000)]
  0x00000000206b3000 JavaThread "stdout" [_thread_in_native, id=10496, stack(0x000000002e950000,0x000000002ea50000)]
  0x00000000206ad000 JavaThread "stderr" [_thread_in_native, id=2824, stack(0x000000002e850000,0x000000002e950000)]
  0x00000000206b2000 JavaThread "stdout" [_thread_in_native, id=11144, stack(0x000000002e430000,0x000000002e530000)]
  0x00000000206b1800 JavaThread "stderr" [_thread_in_native, id=6536, stack(0x000000002e330000,0x000000002e430000)]
  0x00000000206b0800 JavaThread "stdout" [_thread_in_native, id=9084, stack(0x000000002e230000,0x000000002e330000)]
  0x00000000206b0000 JavaThread "stderr" [_thread_in_native, id=14920, stack(0x000000002e130000,0x000000002e230000)]
  0x00000000206ad800 JavaThread "pool-5-thread-1" [_thread_blocked, id=1968, stack(0x000000002e030000,0x000000002e130000)]
  0x00000000206af000 JavaThread "MarlinRenderer Disposer" daemon [_thread_blocked, id=14716, stack(0x000000002df30000,0x000000002e030000)]
  0x0000000020090000 JavaThread "Java2D Disposer" daemon [_thread_blocked, id=8700, stack(0x000000002dd30000,0x000000002de30000)]
  0x0000000020088800 JavaThread "WorkerExecutor Queue Thread 4" [_thread_blocked, id=1048, stack(0x000000002d930000,0x000000002da30000)]
  0x000000002008f800 JavaThread "WorkerExecutor Queue Thread 3" [_thread_blocked, id=8912, stack(0x000000002d830000,0x000000002d930000)]
  0x000000002008d000 JavaThread "WorkerExecutor Queue Thread 2" [_thread_blocked, id=8196, stack(0x000000002d400000,0x000000002d500000)]
  0x000000001acbd000 JavaThread "WorkerExecutor Queue" [_thread_blocked, id=10820, stack(0x000000002d530000,0x000000002d630000)]
  0x000000001acbc000 JavaThread "Cache worker for execution history cache (F:\git_reps\onsteroids\onsteroidsgit\.gradle\6.5\executionHistory)" [_thread_blocked, id=13396, stack(0x000000002d300000,0x000000002d400000)]
  0x000000001acb4800 JavaThread "Execution worker for ':' Thread 3" [_thread_blocked, id=13760, stack(0x000000002d200000,0x000000002d300000)]
  0x000000001acbb800 JavaThread "Execution worker for ':' Thread 2" [_thread_blocked, id=2784, stack(0x000000002d100000,0x000000002d200000)]
  0x000000001acb6000 JavaThread "Execution worker for ':'" [_thread_blocked, id=10092, stack(0x000000002d000000,0x000000002d100000)]
  0x000000001b306800 JavaThread "Cache worker for file content cache (F:\git_reps\onsteroids\onsteroidsgit\.gradle\6.5\fileContent)" [_thread_blocked, id=832, stack(0x000000002cf00000,0x000000002d000000)]
  0x000000001b305000 JavaThread "Cache worker for Build Output Cleanup Cache (F:\git_reps\onsteroids\onsteroidsgit\.gradle\buildOutputCleanup)" [_thread_blocked, id=12292, stack(0x000000002c8e0000,0x000000002c9e0000)]
  0x000000001b303800 JavaThread "Build operations Thread 4" [_thread_blocked, id=6604, stack(0x000000002b6d0000,0x000000002b7d0000)]
  0x000000001b304000 JavaThread "Build operations Thread 3" [_thread_blocked, id=11928, stack(0x0000000024620000,0x0000000024720000)]
  0x000000001b302000 JavaThread "Build operations Thread 2" [_thread_blocked, id=9120, stack(0x0000000024520000,0x0000000024620000)]
  0x000000001b307000 JavaThread "Build operations" [_thread_blocked, id=2428, stack(0x0000000024420000,0x0000000024520000)]
  0x000000001b308000 JavaThread "Cache worker for cache directory md-rule (C:\Users\pnytk\.gradle\caches\6.5\md-rule)" [_thread_blocked, id=6020, stack(0x0000000024320000,0x0000000024420000)]
  0x000000001b302800 JavaThread "Cache worker for cache directory md-supplier (C:\Users\pnytk\.gradle\caches\6.5\md-supplier)" [_thread_blocked, id=6544, stack(0x0000000024220000,0x0000000024320000)]
  0x000000001b2fa800 JavaThread "Cache worker for checksums cache (F:\git_reps\onsteroids\onsteroidsgit\.gradle\checksums)" [_thread_blocked, id=11012, stack(0x0000000024120000,0x0000000024220000)]
  0x000000001b301000 JavaThread "Cache worker for file hash cache (F:\git_reps\onsteroids\onsteroidsgit\.gradle\6.5\fileHashes)" [_thread_blocked, id=5916, stack(0x0000000024020000,0x0000000024120000)]
  0x000000001b2fe000 JavaThread "Thread-231" [_thread_blocked, id=2308, stack(0x0000000023f20000,0x0000000024020000)]
  0x000000001b2fb000 JavaThread "Stdin handler" [_thread_blocked, id=7532, stack(0x000000001d920000,0x000000001da20000)]
  0x000000001b2f9800 JavaThread "Asynchronous log dispatcher for DefaultDaemonConnection: socket connection from /127.0.0.1:60423 to /127.0.0.1:60486" [_thread_blocked, id=10244, stack(0x000000001d820000,0x000000001d920000)]
  0x000000001b300800 JavaThread "Cancel handler" [_thread_blocked, id=7700, stack(0x000000001d520000,0x000000001d620000)]
  0x000000001b2fc800 JavaThread "Handler for socket connection from /127.0.0.1:60423 to /127.0.0.1:60486" [_thread_in_native, id=8956, stack(0x000000001cec0000,0x000000001cfc0000)]
  0x000000001b2fd800 JavaThread "Memory manager" [_thread_blocked, id=11148, stack(0x000000002b320000,0x000000002b420000)]
  0x000000001b2ff800 JavaThread "jar transforms Thread 184" [_thread_blocked, id=12184, stack(0x0000000028e20000,0x0000000028f20000)]
  0x000000001b2ff000 JavaThread "jar transforms Thread 183" [_thread_blocked, id=5548, stack(0x0000000028d20000,0x0000000028e20000)]
  0x000000001c63e000 JavaThread "jar transforms Thread 182" [_thread_blocked, id=13344, stack(0x0000000028c20000,0x0000000028d20000)]
  0x000000001c63d800 JavaThread "jar transforms Thread 181" [_thread_blocked, id=2292, stack(0x0000000028b20000,0x0000000028c20000)]
  0x000000001c63c800 JavaThread "jar transforms Thread 180" [_thread_blocked, id=8224, stack(0x0000000028a20000,0x0000000028b20000)]
  0x000000001c63c000 JavaThread "jar transforms Thread 179" [_thread_blocked, id=4768, stack(0x0000000028920000,0x0000000028a20000)]
  0x000000001c63a800 JavaThread "jar transforms Thread 178" [_thread_blocked, id=6376, stack(0x0000000028820000,0x0000000028920000)]
  0x000000001c63f000 JavaThread "jar transforms Thread 177" [_thread_blocked, id=7052, stack(0x0000000028720000,0x0000000028820000)]
  0x000000001c638000 JavaThread "jar transforms Thread 176" [_thread_blocked, id=624, stack(0x0000000028620000,0x0000000028720000)]
  0x000000001c63b000 JavaThread "jar transforms Thread 175" [_thread_blocked, id=8060, stack(0x0000000028520000,0x0000000028620000)]
  0x000000001c639800 JavaThread "jar transforms Thread 174" [_thread_blocked, id=14400, stack(0x0000000028420000,0x0000000028520000)]
  0x000000001c639000 JavaThread "jar transforms Thread 173" [_thread_blocked, id=6568, stack(0x0000000028320000,0x0000000028420000)]
  0x000000001c630800 JavaThread "jar transforms Thread 172" [_thread_blocked, id=15120, stack(0x0000000028220000,0x0000000028320000)]
  0x000000001c637800 JavaThread "jar transforms Thread 171" [_thread_blocked, id=8976, stack(0x0000000028120000,0x0000000028220000)]
  0x000000001c630000 JavaThread "jar transforms Thread 170" [_thread_blocked, id=15332, stack(0x0000000028020000,0x0000000028120000)]
  0x000000001c636800 JavaThread "jar transforms Thread 169" [_thread_blocked, id=2496, stack(0x0000000027f20000,0x0000000028020000)]
  0x000000001c635000 JavaThread "jar transforms Thread 168" [_thread_blocked, id=1708, stack(0x0000000027e20000,0x0000000027f20000)]
  0x000000001c632000 JavaThread "jar transforms Thread 167" [_thread_blocked, id=4520, stack(0x0000000027d20000,0x0000000027e20000)]
  0x000000001c634800 JavaThread "jar transforms Thread 166" [_thread_blocked, id=5588, stack(0x0000000027c20000,0x0000000027d20000)]
  0x000000001c633800 JavaThread "jar transforms Thread 165" [_thread_blocked, id=7352, stack(0x0000000027b20000,0x0000000027c20000)]
  0x000000001c631800 JavaThread "jar transforms Thread 164" [_thread_blocked, id=9284, stack(0x0000000027a20000,0x0000000027b20000)]
  0x000000001c636000 JavaThread "jar transforms Thread 163" [_thread_blocked, id=13780, stack(0x0000000027920000,0x0000000027a20000)]
  0x000000001c633000 JavaThread "jar transforms Thread 162" [_thread_blocked, id=13860, stack(0x0000000027820000,0x0000000027920000)]
  0x000000001ef3f000 JavaThread "jar transforms Thread 161" [_thread_blocked, id=9820, stack(0x0000000027720000,0x0000000027820000)]
  0x000000001ef40000 JavaThread "jar transforms Thread 160" [_thread_blocked, id=7932, stack(0x0000000027620000,0x0000000027720000)]
  0x000000001ef3e800 JavaThread "jar transforms Thread 159" [_thread_blocked, id=7520, stack(0x0000000027520000,0x0000000027620000)]
  0x000000001ef3d800 JavaThread "jar transforms Thread 158" [_thread_blocked, id=6500, stack(0x0000000027420000,0x0000000027520000)]
  0x000000001ef3b800 JavaThread "jar transforms Thread 157" [_thread_blocked, id=11304, stack(0x0000000027320000,0x0000000027420000)]
  0x000000001ef3c000 JavaThread "jar transforms Thread 156" [_thread_blocked, id=13688, stack(0x0000000027220000,0x0000000027320000)]
  0x000000001ef3d000 JavaThread "jar transforms Thread 155" [_thread_blocked, id=8592, stack(0x0000000027120000,0x0000000027220000)]
  0x000000001ef3a000 JavaThread "jar transforms Thread 154" [_thread_blocked, id=3236, stack(0x0000000027020000,0x0000000027120000)]
  0x000000001ef3a800 JavaThread "jar transforms Thread 153" [_thread_blocked, id=6252, stack(0x0000000026f20000,0x0000000027020000)]
  0x000000001ef32800 JavaThread "jar transforms Thread 152" [_thread_blocked, id=10024, stack(0x0000000026e20000,0x0000000026f20000)]
  0x000000001ef39000 JavaThread "jar transforms Thread 151" [_thread_blocked, id=10348, stack(0x0000000026d20000,0x0000000026e20000)]
  0x000000001ef38800 JavaThread "jar transforms Thread 150" [_thread_blocked, id=1628, stack(0x0000000026c20000,0x0000000026d20000)]
  0x000000001ef31000 JavaThread "jar transforms Thread 149" [_thread_blocked, id=2820, stack(0x0000000026b20000,0x0000000026c20000)]
  0x000000001ef37000 JavaThread "jar transforms Thread 148" [_thread_blocked, id=8148, stack(0x0000000026a20000,0x0000000026b20000)]
  0x000000001ef36000 JavaThread "jar transforms Thread 147" [_thread_blocked, id=764, stack(0x0000000026920000,0x0000000026a20000)]
  0x000000001ef33000 JavaThread "jar transforms Thread 146" [_thread_blocked, id=14472, stack(0x0000000026820000,0x0000000026920000)]
  0x000000001ef31800 JavaThread "jar transforms Thread 145" [_thread_blocked, id=12816, stack(0x0000000026720000,0x0000000026820000)]
  0x000000001ef35800 JavaThread "jar transforms Thread 144" [_thread_blocked, id=14120, stack(0x0000000026620000,0x0000000026720000)]
  0x000000001ef37800 JavaThread "jar transforms Thread 143" [_thread_blocked, id=14408, stack(0x0000000026520000,0x0000000026620000)]
  0x000000001ef34800 JavaThread "jar transforms Thread 142" [_thread_blocked, id=6984, stack(0x0000000026420000,0x0000000026520000)]
  0x000000001ef34000 JavaThread "jar transforms Thread 141" [_thread_blocked, id=14360, stack(0x0000000026320000,0x0000000026420000)]
  0x000000001b315800 JavaThread "jar transforms Thread 140" [_thread_blocked, id=1872, stack(0x0000000026220000,0x0000000026320000)]
  0x000000001b317000 JavaThread "jar transforms Thread 139" [_thread_blocked, id=10284, stack(0x0000000026120000,0x0000000026220000)]
  0x000000001b315000 JavaThread "jar transforms Thread 138" [_thread_blocked, id=13448, stack(0x0000000026020000,0x0000000026120000)]
  0x000000001b314000 JavaThread "jar transforms Thread 137" [_thread_blocked, id=13432, stack(0x0000000025f20000,0x0000000026020000)]
  0x000000001b316800 JavaThread "jar transforms Thread 136" [_thread_blocked, id=13308, stack(0x0000000025e20000,0x0000000025f20000)]
  0x000000001b312000 JavaThread "jar transforms Thread 135" [_thread_blocked, id=13288, stack(0x0000000025d20000,0x0000000025e20000)]
  0x000000001b318000 JavaThread "jar transforms Thread 134" [_thread_blocked, id=14896, stack(0x0000000025c20000,0x0000000025d20000)]
  0x000000001b313800 JavaThread "jar transforms Thread 133" [_thread_blocked, id=9620, stack(0x0000000025b20000,0x0000000025c20000)]
  0x000000001b312800 JavaThread "jar transforms Thread 132" [_thread_blocked, id=12928, stack(0x0000000025a20000,0x0000000025b20000)]
  0x000000001b30a800 JavaThread "jar transforms Thread 131" [_thread_blocked, id=2728, stack(0x0000000025920000,0x0000000025a20000)]
  0x000000001b310800 JavaThread "jar transforms Thread 130" [_thread_blocked, id=10524, stack(0x0000000025820000,0x0000000025920000)]
  0x000000001b311000 JavaThread "jar transforms Thread 129" [_thread_blocked, id=13548, stack(0x0000000025720000,0x0000000025820000)]
  0x000000001b30f800 JavaThread "jar transforms Thread 128" [_thread_blocked, id=13164, stack(0x0000000025620000,0x0000000025720000)]
  0x000000001b30d800 JavaThread "jar transforms Thread 127" [_thread_blocked, id=10772, stack(0x0000000025520000,0x0000000025620000)]
  0x000000001b309000 JavaThread "jar transforms Thread 126" [_thread_blocked, id=9864, stack(0x0000000025420000,0x0000000025520000)]
  0x000000001b30c800 JavaThread "jar transforms Thread 125" [_thread_blocked, id=11388, stack(0x0000000025320000,0x0000000025420000)]
  0x000000001b30c000 JavaThread "jar transforms Thread 124" [_thread_blocked, id=13720, stack(0x0000000025220000,0x0000000025320000)]
  0x000000001b30f000 JavaThread "jar transforms Thread 123" [_thread_blocked, id=1512, stack(0x0000000025120000,0x0000000025220000)]
  0x000000001b30b000 JavaThread "jar transforms Thread 122" [_thread_blocked, id=11040, stack(0x0000000025020000,0x0000000025120000)]
  0x000000001b30e000 JavaThread "jar transforms Thread 121" [_thread_blocked, id=1900, stack(0x0000000024f20000,0x0000000025020000)]
  0x000000001b309800 JavaThread "jar transforms Thread 120" [_thread_blocked, id=7672, stack(0x0000000024e20000,0x0000000024f20000)]
  0x000000001acc2000 JavaThread "jar transforms Thread 119" [_thread_blocked, id=12200, stack(0x0000000024d20000,0x0000000024e20000)]
  0x000000001acc1800 JavaThread "jar transforms Thread 118" [_thread_blocked, id=5476, stack(0x0000000024c20000,0x0000000024d20000)]
  0x000000001acc0800 JavaThread "jar transforms Thread 117" [_thread_blocked, id=8784, stack(0x0000000024b20000,0x0000000024c20000)]
  0x000000001acc0000 JavaThread "jar transforms Thread 116" [_thread_blocked, id=6456, stack(0x0000000024a20000,0x0000000024b20000)]
  0x000000001acbf000 JavaThread "jar transforms Thread 115" [_thread_blocked, id=11336, stack(0x0000000024920000,0x0000000024a20000)]
  0x000000001acbe800 JavaThread "jar transforms Thread 114" [_thread_blocked, id=7848, stack(0x0000000024820000,0x0000000024920000)]
  0x000000001acb7000 JavaThread "jar transforms Thread 113" [_thread_blocked, id=3852, stack(0x0000000024720000,0x0000000024820000)]
  0x000000001acba800 JavaThread "jar transforms Thread 112" [_thread_blocked, id=12608, stack(0x0000000023e20000,0x0000000023f20000)]
  0x000000001acb8800 JavaThread "jar transforms Thread 111" [_thread_blocked, id=7072, stack(0x0000000023d20000,0x0000000023e20000)]
  0x000000001acb3000 JavaThread "jar transforms Thread 110" [_thread_blocked, id=10288, stack(0x0000000023c20000,0x0000000023d20000)]
  0x000000001acb7800 JavaThread "jar transforms Thread 109" [_thread_blocked, id=10544, stack(0x0000000023b20000,0x0000000023c20000)]
  0x000000001acb4000 JavaThread "jar transforms Thread 108" [_thread_blocked, id=4808, stack(0x0000000023a20000,0x0000000023b20000)]
  0x000000001acba000 JavaThread "jar transforms Thread 107" [_thread_blocked, id=7236, stack(0x0000000023920000,0x0000000023a20000)]
  0x000000001bd78000 JavaThread "jar transforms Thread 106" [_thread_blocked, id=15052, stack(0x0000000023820000,0x0000000023920000)]
  0x000000001bd74000 JavaThread "jar transforms Thread 105" [_thread_blocked, id=8240, stack(0x0000000023720000,0x0000000023820000)]
  0x000000001bd77000 JavaThread "jar transforms Thread 104" [_thread_blocked, id=2736, stack(0x0000000023620000,0x0000000023720000)]
  0x000000001bd7a800 JavaThread "jar transforms Thread 103" [_thread_blocked, id=2096, stack(0x0000000023520000,0x0000000023620000)]
  0x000000001bd76800 JavaThread "jar transforms Thread 102" [_thread_blocked, id=14544, stack(0x0000000023420000,0x0000000023520000)]
  0x0000000020094800 JavaThread "jar transforms Thread 101" [_thread_blocked, id=9576, stack(0x0000000023320000,0x0000000023420000)]
  0x0000000020097000 JavaThread "jar transforms Thread 100" [_thread_blocked, id=8032, stack(0x0000000023220000,0x0000000023320000)]
  0x0000000020094000 JavaThread "jar transforms Thread 99" [_thread_blocked, id=12492, stack(0x0000000021250000,0x0000000021350000)]
  0x0000000020095800 JavaThread "jar transforms Thread 98" [_thread_blocked, id=9888, stack(0x0000000020c50000,0x0000000020d50000)]
  0x0000000020096000 JavaThread "jar transforms Thread 97" [_thread_blocked, id=9980, stack(0x0000000020880000,0x0000000020980000)]
  0x0000000020093000 JavaThread "jar transforms Thread 96" [_thread_blocked, id=15216, stack(0x000000001f710000,0x000000001f810000)]
  0x0000000020092800 JavaThread "jar transforms Thread 95" [_thread_blocked, id=8384, stack(0x000000001e120000,0x000000001e220000)]
  0x0000000020091000 JavaThread "jar transforms Thread 94" [_thread_blocked, id=11660, stack(0x000000001db20000,0x000000001dc20000)]
  0x0000000020091800 JavaThread "jar transforms Thread 93" [_thread_blocked, id=13920, stack(0x000000001da20000,0x000000001db20000)]
  0x000000002008c800 JavaThread "Daemon worker Thread 2" [_thread_in_native, id=14852, stack(0x000000001cdc0000,0x000000001cec0000)]
  0x000000002008e800 JavaThread "Daemon Thread 2" [_thread_blocked, id=14572, stack(0x0000000001520000,0x0000000001620000)]
  0x0000000020088000 JavaThread "Cache worker for file content cache (C:\Users\pnytk\.gradle\caches\6.5\fileContent)" [_thread_blocked, id=10856, stack(0x0000000021950000,0x0000000021a50000)]
  0x000000001bd75000 JavaThread "Cache worker for execution history cache (C:\Users\pnytk\.gradle\caches\6.5\executionHistory)" [_thread_blocked, id=7368, stack(0x0000000020d50000,0x0000000020e50000)]
  0x000000001bd73800 JavaThread "Cache worker for file hash cache (C:\Users\pnytk\.gradle\caches\6.5\fileHashes)" [_thread_blocked, id=3396, stack(0x000000001e240000,0x000000001e340000)]
  0x000000001bd79800 JavaThread "File lock request listener" [_thread_in_native, id=9416, stack(0x000000001e020000,0x000000001e120000)]
  0x000000001bab0800 JavaThread "Cache worker for journal cache (C:\Users\pnytk\.gradle\caches\journal-1)" [_thread_blocked, id=5192, stack(0x000000001de20000,0x000000001df20000)]
  0x000000001ba83800 JavaThread "Daemon periodic checks" [_thread_blocked, id=1652, stack(0x000000001d220000,0x000000001d320000)]
  0x000000001b9fd800 JavaThread "Incoming local TCP Connector on port 60423" [_thread_in_native, id=11212, stack(0x000000001cfc0000,0x000000001d0c0000)]
  0x000000001a062800 JavaThread "Daemon health stats" [_thread_blocked, id=11128, stack(0x000000001c980000,0x000000001ca80000)]
  0x0000000019a18800 JavaThread "Service Thread" daemon [_thread_blocked, id=9972, stack(0x0000000019de0000,0x0000000019ee0000)]
  0x0000000018085000 JavaThread "C1 CompilerThread2" daemon [_thread_blocked, id=11484, stack(0x00000000198e0000,0x00000000199e0000)]
=>0x000000001807e000 JavaThread "C2 CompilerThread1" daemon [_thread_in_native, id=8996, stack(0x00000000197e0000,0x00000000198e0000)]
  0x0000000018079800 JavaThread "C2 CompilerThread0" daemon [_thread_blocked, id=10788, stack(0x00000000196e0000,0x00000000197e0000)]
  0x0000000018077800 JavaThread "Attach Listener" daemon [_thread_blocked, id=660, stack(0x00000000195e0000,0x00000000196e0000)]
  0x0000000018074800 JavaThread "Signal Dispatcher" daemon [_thread_blocked, id=14124, stack(0x00000000194e0000,0x00000000195e0000)]
  0x000000000344c000 JavaThread "Finalizer" daemon [_thread_blocked, id=4560, stack(0x00000000192d0000,0x00000000193d0000)]
  0x0000000003441000 JavaThread "Reference Handler" daemon [_thread_blocked, id=10868, stack(0x00000000191d0000,0x00000000192d0000)]
  0x000000000318e800 JavaThread "main" [_thread_blocked, id=2412, stack(0x0000000003250000,0x0000000003350000)]

Other Threads:
  0x0000000018038000 VMThread [stack: 0x00000000190d0000,0x00000000191d0000] [id=10880]
  0x0000000019a19000 WatcherThread [stack: 0x0000000019ee0000,0x0000000019fe0000] [id=6816]

VM state:not at safepoint (normal execution)

VM Mutex/Monitor currently owned by a thread: None

heap address: 0x0000000080000000, size: 2048 MB, Compressed Oops mode: 32-bit
Narrow klass base: 0x0000000000000000, Narrow klass shift: 3
Compressed class space size: 1073741824 Address: 0x0000000100000000

Heap:
 PSYoungGen      total 443392K, used 292903K [0x00000000d5580000, 0x00000000f6600000, 0x0000000100000000)
  eden space 416256K, 70% used [0x00000000d5580000,0x00000000e7389fe0,0x00000000eec00000)
  from space 27136K, 0% used [0x00000000eec00000,0x00000000eec00000,0x00000000f0680000)
  to   space 31744K, 0% used [0x00000000f4700000,0x00000000f4700000,0x00000000f6600000)
 ParOldGen       total 163328K, used 73762K [0x0000000080000000, 0x0000000089f80000, 0x00000000d5580000)
  object space 163328K, 45% used [0x0000000080000000,0x0000000084808818,0x0000000089f80000)
 Metaspace       used 99363K, capacity 104000K, committed 104104K, reserved 1138688K
  class space    used 12937K, capacity 13912K, committed 14000K, reserved 1048576K

Card table byte_map: [0x0000000012810000,0x0000000012c20000] byte_map_base: 0x0000000012410000

Marking Bits: (ParMarkBitMap*) 0x000000005365f030
 Begin Bits: [0x00000000132d0000, 0x00000000152d0000)
 End Bits:   [0x00000000152d0000, 0x00000000172d0000)

Polling page: 0x00000000018e0000

CodeCache: size=245760Kb used=44581Kb max_used=44600Kb free=201178Kb
 bounds [0x0000000003450000, 0x0000000006020000, 0x0000000012450000]
 total_blobs=14270 nmethods=13255 adapters=926
 compilation: enabled

Compilation events (10 events):
Event: 207.304 Thread 0x0000000018085000 nmethod 15558 0x0000000005fe45d0 code [0x0000000005fe4720, 0x0000000005fe4830]
Event: 207.447 Thread 0x0000000018079800 nmethod 15544 0x0000000006007b50 code [0x00000000060087e0, 0x000000000600cd38]
Event: 207.447 Thread 0x0000000018079800 15550       4       org.gradle.internal.hash.Hashing$MessageDigestHasher::getDigest (22 bytes)
Event: 207.448 Thread 0x0000000018079800 nmethod 15550 0x0000000005fe2e90 code [0x0000000005fe2fc0, 0x0000000005fe3038]
Event: 207.448 Thread 0x0000000018079800 15556       4       com.google.common.collect.ObjectArrays::checkElementsNotNull (7 bytes)
Event: 207.449 Thread 0x0000000018079800 nmethod 15556 0x0000000005fe2b90 code [0x0000000005fe2cc0, 0x0000000005fe2d78]
Event: 207.449 Thread 0x0000000018079800 15529       4       org.objectweb.asm.AnnotationWriter::visitEnd (44 bytes)
Event: 207.450 Thread 0x0000000018079800 nmethod 15529 0x0000000005fe2810 code [0x0000000005fe2960, 0x0000000005fe2a58]
Event: 207.450 Thread 0x0000000018079800 15531       4       com.google.common.collect.ImmutableCollection::toArray (67 bytes)
Event: 207.457 Thread 0x0000000018079800 nmethod 15531 0x0000000005ff3210 code [0x0000000005ff3380, 0x0000000005ff37e8]

GC Heap History (10 events):
Event: 153.115 GC heap before
{Heap before GC invocations=17 (full 3):
 PSYoungGen      total 274432K, used 274402K [0x00000000d5580000, 0x00000000ece00000, 0x0000000100000000)
  eden space 255488K, 100% used [0x00000000d5580000,0x00000000e4f00000,0x00000000e4f00000)
  from space 18944K, 99% used [0x00000000e4f00000,0x00000000e6178920,0x00000000e6180000)
  to   space 22016K, 0% used [0x00000000eb880000,0x00000000eb880000,0x00000000ece00000)
 ParOldGen       total 97280K, used 32005K [0x0000000080000000, 0x0000000085f00000, 0x00000000d5580000)
  object space 97280K, 32% used [0x0000000080000000,0x0000000081f41720,0x0000000085f00000)
 Metaspace       used 83422K, capacity 86982K, committed 87080K, reserved 1124352K
  class space    used 11061K, capacity 11765K, committed 11824K, reserved 1048576K
Event: 153.145 GC heap after
Heap after GC invocations=17 (full 3):
 PSYoungGen      total 355328K, used 22006K [0x00000000d5580000, 0x00000000ed600000, 0x0000000100000000)
  eden space 333312K, 0% used [0x00000000d5580000,0x00000000d5580000,0x00000000e9b00000)
  from space 22016K, 99% used [0x00000000eb880000,0x00000000ecdfd818,0x00000000ece00000)
  to   space 30208K, 0% used [0x00000000e9b00000,0x00000000e9b00000,0x00000000eb880000)
 ParOldGen       total 97280K, used 45439K [0x0000000080000000, 0x0000000085f00000, 0x00000000d5580000)
  object space 97280K, 46% used [0x0000000080000000,0x0000000082c5ff80,0x0000000085f00000)
 Metaspace       used 83422K, capacity 86982K, committed 87080K, reserved 1124352K
  class space    used 11061K, capacity 11765K, committed 11824K, reserved 1048576K
}
Event: 154.429 GC heap before
{Heap before GC invocations=18 (full 3):
 PSYoungGen      total 355328K, used 355318K [0x00000000d5580000, 0x00000000ed600000, 0x0000000100000000)
  eden space 333312K, 100% used [0x00000000d5580000,0x00000000e9b00000,0x00000000e9b00000)
  from space 22016K, 99% used [0x00000000eb880000,0x00000000ecdfd818,0x00000000ece00000)
  to   space 30208K, 0% used [0x00000000e9b00000,0x00000000e9b00000,0x00000000eb880000)
 ParOldGen       total 97280K, used 45439K [0x0000000080000000, 0x0000000085f00000, 0x00000000d5580000)
  object space 97280K, 46% used [0x0000000080000000,0x0000000082c5ff80,0x0000000085f00000)
 Metaspace       used 84473K, capacity 88106K, committed 88232K, reserved 1126400K
  class space    used 11135K, capacity 11843K, committed 11952K, reserved 1048576K
Event: 154.452 GC heap after
Heap after GC invocations=18 (full 3):
 PSYoungGen      total 363520K, used 9992K [0x00000000d5580000, 0x00000000f3100000, 0x0000000100000000)
  eden space 333312K, 0% used [0x00000000d5580000,0x00000000d5580000,0x00000000e9b00000)
  from space 30208K, 33% used [0x00000000e9b00000,0x00000000ea4c22f8,0x00000000eb880000)
  to   space 28672K, 0% used [0x00000000f1500000,0x00000000f1500000,0x00000000f3100000)
 ParOldGen       total 97280K, used 60328K [0x0000000080000000, 0x0000000085f00000, 0x00000000d5580000)
  object space 97280K, 62% used [0x0000000080000000,0x0000000083aea0e8,0x0000000085f00000)
 Metaspace       used 84473K, capacity 88106K, committed 88232K, reserved 1126400K
  class space    used 11135K, capacity 11843K, committed 11952K, reserved 1048576K
}
Event: 196.255 GC heap before
{Heap before GC invocations=19 (full 3):
 PSYoungGen      total 363520K, used 343304K [0x00000000d5580000, 0x00000000f3100000, 0x0000000100000000)
  eden space 333312K, 100% used [0x00000000d5580000,0x00000000e9b00000,0x00000000e9b00000)
  from space 30208K, 33% used [0x00000000e9b00000,0x00000000ea4c22f8,0x00000000eb880000)
  to   space 28672K, 0% used [0x00000000f1500000,0x00000000f1500000,0x00000000f3100000)
 ParOldGen       total 97280K, used 60328K [0x0000000080000000, 0x0000000085f00000, 0x00000000d5580000)
  object space 97280K, 62% used [0x0000000080000000,0x0000000083aea0e8,0x0000000085f00000)
 Metaspace       used 89987K, capacity 94332K, committed 94504K, reserved 1130496K
  class space    used 11878K, capacity 12800K, committed 12848K, reserved 1048576K
Event: 196.269 GC heap after
Heap after GC invocations=19 (full 3):
 PSYoungGen      total 428032K, used 11999K [0x00000000d5580000, 0x00000000f2100000, 0x0000000100000000)
  eden space 415744K, 0% used [0x00000000d5580000,0x00000000d5580000,0x00000000eeb80000)
  from space 12288K, 97% used [0x00000000f1500000,0x00000000f20b7eb0,0x00000000f2100000)
  to   space 27136K, 0% used [0x00000000eec00000,0x00000000eec00000,0x00000000f0680000)
 ParOldGen       total 97280K, used 61792K [0x0000000080000000, 0x0000000085f00000, 0x00000000d5580000)
  object space 97280K, 63% used [0x0000000080000000,0x0000000083c582e8,0x0000000085f00000)
 Metaspace       used 89987K, capacity 94332K, committed 94504K, reserved 1130496K
  class space    used 11878K, capacity 12800K, committed 12848K, reserved 1048576K
}
Event: 199.978 GC heap before
{Heap before GC invocations=20 (full 3):
 PSYoungGen      total 428032K, used 195234K [0x00000000d5580000, 0x00000000f2100000, 0x0000000100000000)
  eden space 415744K, 44% used [0x00000000d5580000,0x00000000e0870d10,0x00000000eeb80000)
  from space 12288K, 97% used [0x00000000f1500000,0x00000000f20b7eb0,0x00000000f2100000)
  to   space 27136K, 0% used [0x00000000eec00000,0x00000000eec00000,0x00000000f0680000)
 ParOldGen       total 97280K, used 61792K [0x0000000080000000, 0x0000000085f00000, 0x00000000d5580000)
  object space 97280K, 63% used [0x0000000080000000,0x0000000083c582e8,0x0000000085f00000)
 Metaspace       used 94204K, capacity 98550K, committed 98600K, reserved 1134592K
  class space    used 12284K, capacity 13205K, committed 13232K, reserved 1048576K
Event: 200.005 GC heap after
Heap after GC invocations=20 (full 3):
 PSYoungGen      total 443392K, used 27135K [0x00000000d5580000, 0x00000000f6600000, 0x0000000100000000)
  eden space 416256K, 0% used [0x00000000d5580000,0x00000000d5580000,0x00000000eec00000)
  from space 27136K, 99% used [0x00000000eec00000,0x00000000f067fd70,0x00000000f0680000)
  to   space 31744K, 0% used [0x00000000f4700000,0x00000000f4700000,0x00000000f6600000)
 ParOldGen       total 97280K, used 61962K [0x0000000080000000, 0x0000000085f00000, 0x00000000d5580000)
  object space 97280K, 63% used [0x0000000080000000,0x0000000083c828c0,0x0000000085f00000)
 Metaspace       used 94204K, capacity 98550K, committed 98600K, reserved 1134592K
  class space    used 12284K, capacity 13205K, committed 13232K, reserved 1048576K
}
Event: 200.005 GC heap before
{Heap before GC invocations=21 (full 4):
 PSYoungGen      total 443392K, used 27135K [0x00000000d5580000, 0x00000000f6600000, 0x0000000100000000)
  eden space 416256K, 0% used [0x00000000d5580000,0x00000000d5580000,0x00000000eec00000)
  from space 27136K, 99% used [0x00000000eec00000,0x00000000f067fd70,0x00000000f0680000)
  to   space 31744K, 0% used [0x00000000f4700000,0x00000000f4700000,0x00000000f6600000)
 ParOldGen       total 97280K, used 61962K [0x0000000080000000, 0x0000000085f00000, 0x00000000d5580000)
  object space 97280K, 63% used [0x0000000080000000,0x0000000083c828c0,0x0000000085f00000)
 Metaspace       used 94204K, capacity 98550K, committed 98600K, reserved 1134592K
  class space    used 12284K, capacity 13205K, committed 13232K, reserved 1048576K
Event: 200.211 GC heap after
Heap after GC invocations=21 (full 4):
 PSYoungGen      total 443392K, used 0K [0x00000000d5580000, 0x00000000f6600000, 0x0000000100000000)
  eden space 416256K, 0% used [0x00000000d5580000,0x00000000d5580000,0x00000000eec00000)
  from space 27136K, 0% used [0x00000000eec00000,0x00000000eec00000,0x00000000f0680000)
  to   space 31744K, 0% used [0x00000000f4700000,0x00000000f4700000,0x00000000f6600000)
 ParOldGen       total 163328K, used 73762K [0x0000000080000000, 0x0000000089f80000, 0x00000000d5580000)
  object space 163328K, 45% used [0x0000000080000000,0x0000000084808818,0x0000000089f80000)
 Metaspace       used 94197K, capacity 98526K, committed 98600K, reserved 1134592K
  class space    used 12281K, capacity 13201K, committed 13232K, reserved 1048576K
}

Deoptimization events (10 events):
Event: 206.887 Thread 0x000000001acb4800 Uncommon trap: reason=unstable_if action=reinterpret pc=0x0000000003679918 method=org.objectweb.asm.ClassReader.readUtf(II[C)Ljava/lang/String; @ 41
Event: 206.889 Thread 0x000000001acb4800 Uncommon trap: reason=unstable_if action=reinterpret pc=0x0000000005f88360 method=org.objectweb.asm.SymbolTable.addConstant(Ljava/lang/Object;)Lorg/objectweb/asm/Symbol; @ 126
Event: 206.913 Thread 0x000000001acb4800 Uncommon trap: reason=unstable_if action=reinterpret pc=0x0000000005f4edec method=org.objectweb.asm.MethodWriter.<init>(Lorg/objectweb/asm/SymbolTable;ILjava/lang/String;Ljava/lang/String;Ljava/lang/String;[Ljava/lang/String;I)V @ 100
Event: 207.030 Thread 0x000000001acb4800 Uncommon trap: reason=unstable_if action=reinterpret pc=0x00000000042106d0 method=org.objectweb.asm.MethodWriter.visitLabel(Lorg/objectweb/asm/Label;)V @ 238
Event: 207.030 Thread 0x000000001acb4800 Uncommon trap: reason=unstable_if action=reinterpret pc=0x0000000004343638 method=org.objectweb.asm.MethodWriter.endCurrentBasicBlockWithNoSuccessor()V @ 73
Event: 207.030 Thread 0x000000001acb4800 Uncommon trap: reason=unstable_if action=reinterpret pc=0x0000000004a9a764 method=org.objectweb.asm.MethodWriter.visitMaxs(II)V @ 20
Event: 207.032 Thread 0x000000001acb4800 Uncommon trap: reason=array_check action=maybe_recompile pc=0x0000000005ef87d8 method=java.util.ComparableTimSort.binarySort([Ljava/lang/Object;III)V @ 193
Event: 207.127 Thread 0x000000001acb4800 Uncommon trap: reason=null_assert action=make_not_entrant pc=0x0000000005fe7b20 method=org.gradle.internal.normalization.java.impl.ApiMemberSelector.visitAnnotationValue(Lorg/objectweb/asm/AnnotationVisitor;Lorg/gradle/internal/normalization/java/impl/Ann
Event: 207.279 Thread 0x000000001acb4800 Uncommon trap: reason=array_check action=maybe_recompile pc=0x0000000005c9fe34 method=java.util.ComparableTimSort.binarySort([Ljava/lang/Object;III)V @ 215
Event: 207.304 Thread 0x000000001acb4800 Uncommon trap: reason=unstable_if action=reinterpret pc=0x0000000005fd04bc method=com.google.common.collect.ImmutableSortedSet.construct(Ljava/util/Comparator;I[Ljava/lang/Object;)Lcom/google/common/collect/ImmutableSortedSet; @ 85

Classes redefined (0 events):
No events

Internal exceptions (10 events):
Event: 204.308 Thread 0x000000001acbb800 Exception <a 'sun/nio/fs/WindowsException'> (0x00000000e3244db8) thrown at [C:\src\AOSP-openjdk-git\hotspot\src\share\vm\prims\jni.cpp, line 710]
Event: 204.322 Thread 0x000000001b302000 Exception <a 'sun/nio/fs/WindowsException'> (0x00000000e3288228) thrown at [C:\src\AOSP-openjdk-git\hotspot\src\share\vm\prims\jni.cpp, line 710]
Event: 204.323 Thread 0x000000001b307000 Exception <a 'sun/nio/fs/WindowsException'> (0x00000000e32bc970) thrown at [C:\src\AOSP-openjdk-git\hotspot\src\share\vm\prims\jni.cpp, line 710]
Event: 204.342 Thread 0x000000001b307000 Exception <a 'sun/nio/fs/WindowsException'> (0x00000000e3308140) thrown at [C:\src\AOSP-openjdk-git\hotspot\src\share\vm\prims\jni.cpp, line 710]
Event: 204.355 Thread 0x000000001b302000 Exception <a 'sun/nio/fs/WindowsException'> (0x00000000e3338240) thrown at [C:\src\AOSP-openjdk-git\hotspot\src\share\vm\prims\jni.cpp, line 710]
Event: 204.379 Thread 0x000000001b307000 Exception <a 'sun/nio/fs/WindowsException'> (0x00000000e34ea568) thrown at [C:\src\AOSP-openjdk-git\hotspot\src\share\vm\prims\jni.cpp, line 710]
Event: 204.379 Thread 0x000000001b302000 Exception <a 'sun/nio/fs/WindowsException'> (0x00000000e36151f8) thrown at [C:\src\AOSP-openjdk-git\hotspot\src\share\vm\prims\jni.cpp, line 710]
Event: 204.390 Thread 0x000000001b303800 Exception <a 'sun/nio/fs/WindowsException'> (0x00000000e36b9a10) thrown at [C:\src\AOSP-openjdk-git\hotspot\src\share\vm\prims\jni.cpp, line 710]
Event: 204.449 Thread 0x000000001b304000 Exception <a 'sun/nio/fs/WindowsException'> (0x00000000e2f9a600) thrown at [C:\src\AOSP-openjdk-git\hotspot\src\share\vm\prims\jni.cpp, line 710]
Event: 204.460 Thread 0x000000001b303800 Exception <a 'sun/nio/fs/WindowsException'> (0x00000000e374dab0) thrown at [C:\src\AOSP-openjdk-git\hotspot\src\share\vm\prims\jni.cpp, line 710]

Events (10 events):
Event: 207.104 loading class org/gradle/internal/normalization/java/impl/AnnotationAnnotationValue done
Event: 207.127 Thread 0x000000001acb4800 Uncommon trap: trap_request=0xffffffec fr.pc=0x0000000005fe7b20
Event: 207.127 Thread 0x000000001acb4800 DEOPT PACKING pc=0x0000000005fe7b20 sp=0x000000002d2fc4d0
Event: 207.127 Thread 0x000000001acb4800 DEOPT UNPACKING pc=0x000000000349557b sp=0x000000002d2fc3e0 mode 2
Event: 207.279 Thread 0x000000001acb4800 Uncommon trap: trap_request=0xffffffd6 fr.pc=0x0000000005c9fe34
Event: 207.279 Thread 0x000000001acb4800 DEOPT PACKING pc=0x0000000005c9fe34 sp=0x000000002d2fcb90
Event: 207.279 Thread 0x000000001acb4800 DEOPT UNPACKING pc=0x000000000349557b sp=0x000000002d2fcb38 mode 2
Event: 207.304 Thread 0x000000001acb4800 Uncommon trap: trap_request=0xffffff65 fr.pc=0x0000000005fd04bc
Event: 207.304 Thread 0x000000001acb4800 DEOPT PACKING pc=0x0000000005fd04bc sp=0x000000002d2fb670
Event: 207.304 Thread 0x000000001acb4800 DEOPT UNPACKING pc=0x000000000349557b sp=0x000000002d2fb6b0 mode 2


Dynamic libraries:
0x00007ff78b080000 - 0x00007ff78b0b1000 	F:\Programy\Android studio\Nowy folder\jre\bin\java.exe
0x00007fff78f30000 - 0x00007fff79125000 	C:\WINDOWS\SYSTEM32\ntdll.dll
0x00007fff782f0000 - 0x00007fff783ad000 	C:\WINDOWS\System32\KERNEL32.DLL
0x00007fff76980000 - 0x00007fff76c49000 	C:\WINDOWS\System32\KERNELBASE.dll
0x00007fff78c50000 - 0x00007fff78cfc000 	C:\WINDOWS\System32\ADVAPI32.dll
0x00007fff78d00000 - 0x00007fff78d9e000 	C:\WINDOWS\System32\msvcrt.dll
0x00007fff78980000 - 0x00007fff78a1c000 	C:\WINDOWS\System32\sechost.dll
0x00007fff78dc0000 - 0x00007fff78eeb000 	C:\WINDOWS\System32\RPCRT4.dll
0x00007fff778e0000 - 0x00007fff77a80000 	C:\WINDOWS\System32\USER32.dll
0x00007fff766c0000 - 0x00007fff766e2000 	C:\WINDOWS\System32\win32u.dll
0x00007fff77b20000 - 0x00007fff77b4a000 	C:\WINDOWS\System32\GDI32.dll
0x00007fff76df0000 - 0x00007fff76efb000 	C:\WINDOWS\System32\gdi32full.dll
0x00007fff76d50000 - 0x00007fff76ded000 	C:\WINDOWS\System32\msvcp_win.dll
0x00007fff76c50000 - 0x00007fff76d50000 	C:\WINDOWS\System32\ucrtbase.dll
0x00007fff616c0000 - 0x00007fff6195a000 	C:\WINDOWS\WinSxS\amd64_microsoft.windows.common-controls_6595b64144ccf1df_6.0.19041.844_none_ca00b6081b84eb1d\COMCTL32.dll
0x00007fff77a80000 - 0x00007fff77ab0000 	C:\WINDOWS\System32\IMM32.DLL
0x0000000052bb0000 - 0x0000000052c82000 	F:\Programy\Android studio\Nowy folder\jre\jre\bin\msvcr100.dll
0x0000000052e90000 - 0x00000000536db000 	F:\Programy\Android studio\Nowy folder\jre\jre\bin\server\jvm.dll
0x00007fff77120000 - 0x00007fff77128000 	C:\WINDOWS\System32\PSAPI.DLL
0x00007fff60fb0000 - 0x00007fff60fb9000 	C:\WINDOWS\SYSTEM32\WSOCK32.dll
0x00007fff6d690000 - 0x00007fff6d6b7000 	C:\WINDOWS\SYSTEM32\WINMM.dll
0x00007fff6f680000 - 0x00007fff6f68a000 	C:\WINDOWS\SYSTEM32\VERSION.dll
0x00007fff77ab0000 - 0x00007fff77b1b000 	C:\WINDOWS\System32\WS2_32.dll
0x00007fff72590000 - 0x00007fff7259f000 	F:\Programy\Android studio\Nowy folder\jre\jre\bin\verify.dll
0x00007fff6ef40000 - 0x00007fff6ef69000 	F:\Programy\Android studio\Nowy folder\jre\jre\bin\java.dll
0x00007fff71450000 - 0x00007fff71466000 	F:\Programy\Android studio\Nowy folder\jre\jre\bin\zip.dll
0x00007fff77130000 - 0x00007fff77872000 	C:\WINDOWS\System32\SHELL32.dll
0x00007fff747f0000 - 0x00007fff74f80000 	C:\WINDOWS\SYSTEM32\windows.storage.dll
0x00007fff77ce0000 - 0x00007fff78035000 	C:\WINDOWS\System32\combase.dll
0x00007fff760e0000 - 0x00007fff7610c000 	C:\WINDOWS\SYSTEM32\Wldp.dll
0x00007fff76f90000 - 0x00007fff7703e000 	C:\WINDOWS\System32\SHCORE.dll
0x00007fff77880000 - 0x00007fff778d5000 	C:\WINDOWS\System32\shlwapi.dll
0x00007fff765b0000 - 0x00007fff765cf000 	C:\WINDOWS\SYSTEM32\profapi.dll
0x00007fff6edc0000 - 0x00007fff6edda000 	F:\Programy\Android studio\Nowy folder\jre\jre\bin\net.dll
0x00007fff75e60000 - 0x00007fff75eca000 	C:\WINDOWS\system32\mswsock.dll
0x00007fff6bbf0000 - 0x00007fff6bc03000 	F:\Programy\Android studio\Nowy folder\jre\jre\bin\nio.dll
0x00007fff6ec20000 - 0x00007fff6ec47000 	C:\Users\pnytk\.gradle\native\f6784746aeab05261644944871eae4fe03e0ef1612fff0a4a95f87b438bc6780\windows-amd64\native-platform.dll
0x00007fff71170000 - 0x00007fff7117d000 	F:\Programy\Android studio\Nowy folder\jre\jre\bin\management.dll
0x00007fff76030000 - 0x00007fff76048000 	C:\WINDOWS\SYSTEM32\CRYPTSP.dll
0x00007fff75790000 - 0x00007fff757c4000 	C:\WINDOWS\system32\rsaenh.dll
0x00007fff76f60000 - 0x00007fff76f87000 	C:\WINDOWS\System32\bcrypt.dll
0x00007fff76530000 - 0x00007fff7655e000 	C:\WINDOWS\SYSTEM32\USERENV.dll
0x00007fff76900000 - 0x00007fff76980000 	C:\WINDOWS\System32\bcryptprimitives.dll
0x00007fff76050000 - 0x00007fff7605c000 	C:\WINDOWS\SYSTEM32\CRYPTBASE.dll
0x00007fff75b00000 - 0x00007fff75b3b000 	C:\WINDOWS\SYSTEM32\IPHLPAPI.DLL
0x00007fff782e0000 - 0x00007fff782e8000 	C:\WINDOWS\System32\NSI.dll
0x00007fff70180000 - 0x00007fff70197000 	C:\WINDOWS\SYSTEM32\dhcpcsvc6.DLL
0x00007fff70140000 - 0x00007fff7015d000 	C:\WINDOWS\SYSTEM32\dhcpcsvc.DLL
0x00007fff75b40000 - 0x00007fff75c0b000 	C:\WINDOWS\SYSTEM32\DNSAPI.dll
0x00007fff70250000 - 0x00007fff7025b000 	C:\WINDOWS\SYSTEM32\WINNSI.DLL
0x00007fff69570000 - 0x00007fff69594000 	F:\Programy\Android studio\Nowy folder\jre\jre\bin\sunec.dll
0x00007fff6de80000 - 0x00007fff6de8a000 	C:\Windows\System32\rasadhlp.dll
0x00007fff6d700000 - 0x00007fff6d77f000 	C:\WINDOWS\System32\fwpuclnt.dll
0x00007fff6ecf0000 - 0x00007fff6ecfb000 	F:\Programy\Android studio\Nowy folder\jre\jre\bin\sunmscapi.dll
0x00007fff767a0000 - 0x00007fff768ff000 	C:\WINDOWS\System32\CRYPT32.dll
0x00007fff753c0000 - 0x00007fff753f3000 	C:\WINDOWS\SYSTEM32\ntmarta.dll
0x00007fff63c00000 - 0x00007fff63d9c000 	F:\Programy\Android studio\Nowy folder\jre\jre\bin\awt.dll
0x00007fff78440000 - 0x00007fff7850d000 	C:\WINDOWS\System32\OLEAUT32.dll
0x00007fff74300000 - 0x00007fff7432f000 	C:\WINDOWS\SYSTEM32\dwmapi.dll
0x00007fff72ea0000 - 0x00007fff73460000 	C:\WINDOWS\SYSTEM32\d2d1.dll
0x00007fff73f60000 - 0x00007fff73ff0000 	C:\WINDOWS\SYSTEM32\apphelp.dll
0x00007fff74110000 - 0x00007fff741ae000 	C:\WINDOWS\system32\uxtheme.dll

VM Arguments:
jvm_args: -Xmx2048m -Dfile.encoding=UTF-8 -Duser.country=PL -Duser.language=pl -Duser.variant 
java_command: org.gradle.launcher.daemon.bootstrap.GradleDaemon 6.5
java_class_path (initial): C:\Users\pnytk\.gradle\wrapper\dists\gradle-6.5-bin\6nifqtx7604sqp1q6g8wikw7p\gradle-6.5\lib\gradle-launcher-6.5.jar
Launcher Type: SUN_STANDARD

Environment Variables:
JAVA_HOME=F:\Programy\JDK
PATH=F:\Programy\CudaTK\bin;F:\Programy\CudaTK\libnvvp;C:\Program Files\Common Files\Oracle\Java\javapath;C:\WINDOWS\system32;C:\WINDOWS;C:\WINDOWS\System32\Wbem;C:\WINDOWS\System32\WindowsPowerShell\v1.0\;C:\WINDOWS\System32\OpenSSH\;C:\Program Files\NVIDIA Corporation\NVIDIA NvDLISR;C:\Program Files (x86)\NVIDIA Corporation\PhysX\Common;C:\WINDOWS\system32;C:\WINDOWS;C:\WINDOWS\System32\Wbem;C:\WINDOWS\System32\WindowsPowerShell\v1.0\;C:\WINDOWS\System32\OpenSSH\;C:\Program Files\NVIDIA Corporation\Nsight Compute 2020.2.0\;F:\Programy\Git\Git\cmd;F:\Programy\Maven\apache-maven-3.5.3\bin;F:\Programy\NodeJS\;C:\Users\pnytk\AppData\Local\Microsoft\WindowsApps;;C:\Users\pnytk\AppData\Local\Programs\Microsoft VS Code\bin;F:\Programy\VSC\Microsoft VS Code\bin;F:\Programy\IntelliJ\IntelliJ IDEA Community Edition 2020.2.3\bin;;C:\Users\pnytk\AppData\Roaming\npm
USERNAME=pnytk
OS=Windows_NT
PROCESSOR_IDENTIFIER=Intel64 Family 6 Model 158 Stepping 9, GenuineIntel



---------------  S Y S T E M  ---------------

OS: Windows 10.0 , 64 bit Build 19041 (10.0.19041.804)

CPU:total 4 (initial active 4) (4 cores per cpu, 1 threads per core) family 6 model 158 stepping 9, cmov, cx8, fxsr, mmx, sse, sse2, sse3, ssse3, sse4.1, sse4.2, popcnt, avx, avx2, aes, clmul, erms, rtm, 3dnowpref, lzcnt, tsc, tscinvbit, bmi1, bmi2, adx

Memory: 4k page, physical 8352384k(132156k free), swap 17459908k(0k free)

vm_info: OpenJDK 64-Bit Server VM (25.242-b01) for windows-amd64 JRE (1.8.0_242-release-1644-b01), built by "builder" with MS VC++ 10.0 (VS2010)

time: Tue Apr 06 22:06:34 2021
timezone: Œrodkowoeuropejski czas letni
elapsed time: 208 seconds (0d 0h 3m 28s)

