JvmtiExport can_access_local_variables 0
JvmtiExport can_hotswap_or_post_breakpoint 0
JvmtiExport can_post_on_exceptions 0
# 302 ciObject found
ciMethod java/lang/Object <init> ()V 4097 1 4135765 0 0
ciMethod java/lang/String <init> ([CII)V 2961 1 6551 0 704
ciMethod java/lang/String charAt (I)C 4097 1 6490417 0 -1
ciMethod java/lang/String equals (Ljava/lang/Object;)Z 16393 59481 4367 0 -1
ciMethod java/lang/String hashCode ()I 2753 32769 1375 0 -1
ciMethod java/lang/String replaceAll (Ljava/lang/String;Ljava/lang/String;)Ljava/lang/String; 2985 1 1546 0 -1
ciMethod java/lang/System arraycopy (Ljava/lang/Object;ILjava/lang/Object;II)V 5121 1 640 0 -1
ciMethod java/lang/Float valueOf (F)Ljava/lang/Float; 9 1 144 0 -1
ciMethod java/lang/Float intBitsToFloat (I)F 553 1 69 0 -1
ciMethod java/lang/Double valueOf (D)Ljava/lang/Double; 33 1 283 0 -1
ciMethod java/lang/Double longBitsToDouble (J)D 1809 1 226 0 -1
ciMethod java/lang/Integer valueOf (I)Ljava/lang/Integer; 73 1 94240 0 -1
ciMethod java/lang/Long valueOf (J)Ljava/lang/Long; 2497 1 6465 0 -1
ciMethod java/lang/Math max (II)I 1009 1 268501 0 -1
ciMethod java/lang/Math min (II)I 3537 1 286312 0 -1
ciMethod java/util/Arrays copyOfRange ([CII)[C 3153 1 5586 0 512
ciMethodData java/lang/Object <init> ()V 2 4135765 orig 264 88 29 68 83 0 0 0 0 128 4 109 23 0 0 0 0 32 1 0 0 0 0 0 0 0 0 0 0 0 0 0 0 0 0 0 0 0 0 0 0 0 0 0 0 0 0 0 0 0 0 0 0 0 0 0 0 0 0 0 0 0 0 0 0 0 0 0 0 0 0 0 0 0 0 0 0 0 0 0 0 77 68 79 32 101 120 116 114 97 32 100 97 116 97 32 108 111 99 107 0 0 0 0 0 0 0 0 0 0 0 0 0 0 0 0 0 0 0 0 0 0 0 0 0 0 0 0 0 0 0 0 0 0 0 0 0 0 0 0 0 0 0 0 0 0 0 0 0 0 0 0 0 0 0 0 0 0 0 0 0 0 0 0 0 0 0 0 0 0 0 0 0 0 0 0 0 0 0 0 0 0 0 0 0 1 0 0 0 0 0 0 0 1 0 0 0 0 0 0 0 1 0 0 0 0 0 0 0 0 0 0 0 0 0 0 0 0 2 0 0 169 202 248 1 1 0 0 0 0 0 0 0 0 0 0 0 2 0 0 0 0 0 3 0 1 0 0 0 0 0 0 0 255 255 255 255 0 0 0 0 0 0 0 0 data 0 oops 0
ciMethodData java/lang/String hashCode ()I 2 18467 orig 264 88 29 68 83 0 0 0 0 0 80 109 23 0 0 0 0 152 1 0 0 32 0 0 0 0 0 0 0 0 0 0 0 0 0 0 0 0 0 0 0 0 0 0 0 0 0 0 0 0 0 0 0 0 0 0 0 0 0 0 0 0 0 0 0 0 0 0 0 0 0 0 0 0 0 0 0 0 0 0 0 77 68 79 32 101 120 116 114 97 32 100 97 116 97 32 108 111 99 107 0 0 0 0 0 0 0 0 0 0 0 0 0 0 0 0 0 0 0 0 0 0 0 0 0 0 0 0 0 0 0 0 0 0 0 0 0 0 0 0 0 0 0 0 0 0 0 0 0 0 0 0 0 0 0 0 0 0 0 0 0 0 0 0 0 0 0 0 0 0 0 0 0 0 0 0 0 0 0 0 0 0 0 0 0 1 0 0 0 0 0 0 0 0 0 0 0 0 0 0 0 1 0 0 0 0 0 0 0 0 0 0 0 0 0 0 0 0 16 0 0 57 32 0 0 25 193 1 0 0 0 0 0 0 0 0 0 2 0 0 0 1 0 11 0 2 0 0 0 120 0 0 0 255 255 255 255 7 0 6 0 0 0 0 0 data 15 0x60007 0x245 0x78 0x1c2 0xe0007 0x5 0x58 0x1bd 0x1e0007 0x1bd 0x38 0x3818 0x2d0003 0x3818 0xffffffffffffffe0 oops 0
ciMethodData java/lang/String equals (Ljava/lang/Object;)Z 2 24987 orig 264 88 29 68 83 0 0 0 0 24 70 109 23 0 0 0 0 104 2 0 0 32 0 0 0 0 0 0 0 0 0 0 0 0 0 0 0 0 0 0 0 0 0 0 0 0 0 0 0 0 0 0 0 0 0 0 0 0 0 0 0 0 0 0 0 0 0 0 0 0 0 0 0 0 0 0 0 0 0 0 0 77 68 79 32 101 120 116 114 97 32 100 97 116 97 32 108 111 99 107 0 0 0 0 0 0 0 0 0 0 0 0 0 0 0 0 0 0 0 0 0 0 0 0 0 0 0 0 0 0 0 0 0 0 0 0 0 0 0 0 0 0 0 0 0 1 0 0 0 0 0 0 0 0 0 0 0 0 0 0 0 0 0 0 0 4 0 0 0 0 0 0 0 0 0 0 0 0 0 0 0 0 0 0 0 1 0 0 0 0 0 0 0 0 0 0 0 0 0 0 0 1 0 0 0 0 0 0 0 0 0 0 0 0 0 0 0 138 5 0 0 113 72 0 0 129 36 2 0 0 0 0 0 0 0 0 0 2 0 0 0 1 0 15 0 2 0 0 0 24 1 0 0 255 255 255 255 7 0 2 0 0 0 0 0 data 35 0x20007 0x5de 0x20 0x330 0x8c104 0xffffffffffffffbd 0x3426920 0x59e 0x2a779630 0x43 0xb0007 0x44 0xc8 0x59e 0xf0004 0x0 0x3426920 0x59e 0x0 0x0 0x1f0007 0x239 0x78 0x365 0x350007 0x34b 0x58 0x44aa 0x420007 0x4490 0x20 0x1a 0x4a0003 0x4490 0xffffffffffffffc0 oops 3 6 java/lang/String 8 org/gradle/execution/TaskSelectionException 16 java/lang/String
ciMethodData java/util/Arrays copyOfRange ([CII)[C 2 5586 orig 264 88 29 68 83 0 0 0 0 232 191 126 23 0 0 0 0 120 2 0 0 240 0 0 0 0 0 0 0 0 0 0 0 0 0 0 0 0 0 0 0 0 0 0 0 0 0 0 0 0 0 0 0 0 0 0 0 0 0 0 0 0 0 0 0 0 0 0 0 0 0 0 0 0 0 0 0 0 0 0 0 77 68 79 32 101 120 116 114 97 32 100 97 116 97 32 108 111 99 107 0 0 0 0 0 0 0 0 0 0 0 0 0 0 0 0 0 0 0 0 0 0 0 0 0 0 0 0 0 0 0 0 0 0 0 0 0 0 0 0 0 0 0 0 0 0 0 0 0 0 0 0 0 0 0 0 0 0 0 0 0 0 0 0 0 0 0 0 0 0 0 0 0 0 0 0 0 0 0 0 0 0 0 0 0 29 0 0 0 0 0 0 0 0 0 0 0 0 0 0 0 0 0 0 0 0 0 0 0 0 0 0 0 0 0 0 0 138 1 0 0 65 162 0 0 1 0 0 0 0 0 0 0 0 0 0 0 2 0 0 0 0 0 9 0 2 0 0 0 32 1 0 0 255 255 255 255 7 0 5 0 0 0 0 0 data 36 0x50007 0x1448 0x100 0x0 0x100002 0x0 0x140005 0x0 0x0 0x0 0x0 0x0 0x190005 0x0 0x0 0x0 0x0 0x0 0x1d0005 0x0 0x0 0x0 0x0 0x0 0x200005 0x0 0x0 0x0 0x0 0x0 0x230002 0x0 0x360002 0x1448 0x390002 0x1448 oops 0
ciMethodData java/lang/String <init> ([CII)V 2 6551 orig 264 88 29 68 83 0 0 0 0 160 49 109 23 0 0 0 0 80 2 0 0 208 0 0 0 0 0 0 0 0 0 0 0 0 0 0 0 0 0 0 0 0 0 0 0 0 0 0 0 0 0 0 0 0 0 0 0 0 0 0 0 0 0 0 0 0 0 0 0 0 0 0 0 0 0 0 0 0 0 0 0 77 68 79 32 101 120 116 114 97 32 100 97 116 97 32 108 111 99 107 0 0 0 0 0 0 0 0 0 0 0 0 0 0 0 0 0 0 0 0 0 0 0 0 0 0 0 0 0 0 0 0 0 0 0 0 0 0 0 0 0 0 0 0 0 0 0 0 0 0 0 0 0 0 0 0 0 0 0 0 0 0 0 0 0 0 0 0 0 0 0 0 0 0 0 0 0 0 0 0 0 0 0 0 0 25 0 0 0 0 0 0 0 0 0 0 0 0 0 0 0 1 0 0 0 0 0 0 0 0 0 0 0 0 0 0 0 114 1 0 0 41 193 0 0 1 0 0 0 0 0 0 0 0 0 0 0 2 0 0 0 0 0 14 0 2 0 0 0 240 0 0 0 255 255 255 255 2 0 1 0 0 0 0 0 data 30 0x10002 0x1825 0x50007 0x1825 0x30 0x0 0xd0002 0x0 0x120007 0x1813 0x70 0x12 0x160007 0x12 0x30 0x0 0x1e0002 0x0 0x250007 0x0 0x20 0x12 0x370007 0x1813 0x30 0x0 0x410002 0x0 0x4b0002 0x1813 oops 0
ciMethod java/net/URI toString ()Ljava/lang/String; 3689 1 925 0 -1
ciMethod java/lang/UnsupportedOperationException <init> (Ljava/lang/String;)V 33 1 12 0 -1
ciMethod org/objectweb/asm/Type getType (Ljava/lang/String;)Lorg/objectweb/asm/Type; 3041 1 8934 0 -1
ciMethod org/objectweb/asm/Type getObjectType (Ljava/lang/String;)Lorg/objectweb/asm/Type; 481 1 115 0 -1
ciMethod org/objectweb/asm/Type getMethodType (Ljava/lang/String;)Lorg/objectweb/asm/Type; 65 1 22 0 -1
ciMethod org/objectweb/asm/Type getDescriptor ()Ljava/lang/String; 2353 1 5580 0 -1
ciMethod org/objectweb/asm/Type getSort ()I 1153 1 3343 0 -1
ciMethod org/objectweb/asm/Type getArgumentsAndReturnSizes (Ljava/lang/String;)I 4097 2697 17215 0 -1
ciMethod org/gradle/groovy/scripts/internal/FileCacheBackedScriptClassCompiler access$300 ()[Ljava/lang/Object; 705 1 88 0 -1
ciMethod org/gradle/groovy/scripts/ScriptSource getClassName ()Ljava/lang/String; 0 0 1 0 -1
ciMethod org/gradle/groovy/scripts/ScriptSource getResource ()Lorg/gradle/internal/resource/TextResource; 0 0 1 0 -1
ciMethod org/gradle/groovy/scripts/ScriptSource getDisplayName ()Ljava/lang/String; 0 0 1 0 -1
ciMethod org/objectweb/asm/MethodVisitor visitAttribute (Lorg/objectweb/asm/Attribute;)V 0 0 1 0 -1
ciMethod org/objectweb/asm/MethodVisitor visitFrame (II[Ljava/lang/Object;I[Ljava/lang/Object;)V 1057 1 132 0 -1
ciMethod org/objectweb/asm/MethodVisitor visitInsn (I)V 2129 1 3336 0 -1
ciMethod org/objectweb/asm/MethodVisitor visitIntInsn (II)V 3073 1 100 0 -1
ciMethod org/objectweb/asm/MethodVisitor visitVarInsn (II)V 2209 1 5327 0 -1
ciMethod org/objectweb/asm/MethodVisitor visitTypeInsn (ILjava/lang/String;)V 2049 1 253 0 -1
ciMethod org/objectweb/asm/MethodVisitor visitFieldInsn (ILjava/lang/String;Ljava/lang/String;Ljava/lang/String;)V 4097 1 1449 0 -1
ciMethod org/objectweb/asm/MethodVisitor visitMethodInsn (ILjava/lang/String;Ljava/lang/String;Ljava/lang/String;Z)V 2137 1 1754 0 -1
ciMethod org/objectweb/asm/MethodVisitor visitInvokeDynamicInsn (Ljava/lang/String;Ljava/lang/String;Lorg/objectweb/asm/Handle;[Ljava/lang/Object;)V 0 0 1 0 -1
ciMethod org/objectweb/asm/MethodVisitor visitJumpInsn (ILorg/objectweb/asm/Label;)V 4097 1 992 0 -1
ciMethod org/objectweb/asm/MethodVisitor visitLabel (Lorg/objectweb/asm/Label;)V 4097 1 1100 0 -1
ciMethod org/objectweb/asm/MethodVisitor visitLdcInsn (Ljava/lang/Object;)V 3265 1 789 0 -1
ciMethod org/objectweb/asm/MethodVisitor visitIincInsn (II)V 2049 1 97 0 -1
ciMethod org/objectweb/asm/MethodVisitor visitTableSwitchInsn (IILorg/objectweb/asm/Label;[Lorg/objectweb/asm/Label;)V 1009 1 11 0 -1
ciMethod org/objectweb/asm/MethodVisitor visitLookupSwitchInsn (Lorg/objectweb/asm/Label;[I[Lorg/objectweb/asm/Label;)V 289 1 7 0 -1
ciMethod org/objectweb/asm/MethodVisitor visitMultiANewArrayInsn (Ljava/lang/String;I)V 105 1 4 0 0
ciMethod org/objectweb/asm/MethodVisitor visitInsnAnnotation (ILorg/objectweb/asm/TypePath;Ljava/lang/String;Z)Lorg/objectweb/asm/AnnotationVisitor; 0 0 1 0 -1
ciMethod org/objectweb/asm/MethodVisitor visitTryCatchBlock (Lorg/objectweb/asm/Label;Lorg/objectweb/asm/Label;Lorg/objectweb/asm/Label;Ljava/lang/String;)V 2049 1 23 0 -1
ciMethod org/objectweb/asm/MethodVisitor visitLocalVariable (Ljava/lang/String;Ljava/lang/String;Ljava/lang/String;Lorg/objectweb/asm/Label;Lorg/objectweb/asm/Label;I)V 897 1 112 0 -1
ciMethod org/objectweb/asm/MethodVisitor visitLocalVariableAnnotation (ILorg/objectweb/asm/TypePath;[Lorg/objectweb/asm/Label;[Lorg/objectweb/asm/Label;[ILjava/lang/String;Z)Lorg/objectweb/asm/AnnotationVisitor; 0 0 1 0 -1
ciMethod org/objectweb/asm/MethodVisitor visitLineNumber (ILorg/objectweb/asm/Label;)V 641 1 80 0 0
ciMethod org/objectweb/asm/MethodVisitor visitMaxs (II)V 4097 1 522 0 -1
ciMethod org/objectweb/asm/MethodWriter visitFrame (II[Ljava/lang/Object;I[Ljava/lang/Object;)V 2145 2361 380 0 -1
ciMethod org/objectweb/asm/MethodWriter visitVarInsn (II)V 4097 1 5690 0 -1
ciMethod org/objectweb/asm/MethodWriter visitInvokeDynamicInsn (Ljava/lang/String;Ljava/lang/String;Lorg/objectweb/asm/Handle;[Ljava/lang/Object;)V 89 1 11 0 0
ciMethod org/objectweb/asm/MethodWriter visitLabel (Lorg/objectweb/asm/Label;)V 2625 1 6593 0 -1
ciMethod org/objectweb/asm/MethodWriter visitIincInsn (II)V 41 1 5 0 -1
ciMethod org/objectweb/asm/MethodWriter visitLocalVariable (Ljava/lang/String;Ljava/lang/String;Ljava/lang/String;Lorg/objectweb/asm/Label;Lorg/objectweb/asm/Label;I)V 2097 1 1017 0 -1
ciMethod org/objectweb/asm/MethodWriter visitLineNumber (ILorg/objectweb/asm/Label;)V 2625 1 1529 0 0
ciMethod org/objectweb/asm/MethodWriter addSuccessorToCurrentBasicBlock (ILorg/objectweb/asm/Label;)V 2569 1 8231 0 -1
ciMethod org/objectweb/asm/MethodWriter endCurrentBasicBlockWithNoSuccessor ()V 1577 1 5691 0 -1
ciMethod org/objectweb/asm/MethodWriter visitFrameStart (III)I 3177 1 4814 0 -1
ciMethod org/objectweb/asm/MethodWriter visitFrameEnd ()V 3193 1 4814 0 -1
ciMethod org/objectweb/asm/MethodWriter putFrameType (Ljava/lang/Object;)V 2073 1 372 0 -1
ciMethod org/objectweb/asm/SymbolTable getMajorVersion ()I 2377 1 297 0 -1
ciMethod org/objectweb/asm/SymbolTable get (I)Lorg/objectweb/asm/SymbolTable$Entry; 2049 1 39829 0 -1
ciMethod org/objectweb/asm/SymbolTable put (Lorg/objectweb/asm/SymbolTable$Entry;)Lorg/objectweb/asm/SymbolTable$Entry; 2569 3593 6686 0 -1
ciMethod org/objectweb/asm/SymbolTable addConstantNameAndType (Ljava/lang/String;Ljava/lang/String;)I 1673 625 3213 0 -1
ciMethod org/objectweb/asm/SymbolTable addConstantUtf8 (Ljava/lang/String;)I 2057 353 14467 0 -1
ciMethod org/objectweb/asm/SymbolTable addConstantInvokeDynamic (Ljava/lang/String;Ljava/lang/String;Lorg/objectweb/asm/Handle;[Ljava/lang/Object;)Lorg/objectweb/asm/Symbol; 89 1 11 0 -1
ciMethod org/objectweb/asm/SymbolTable addConstantDynamicOrInvokeDynamicReference (ILjava/lang/String;Ljava/lang/String;I)Lorg/objectweb/asm/Symbol; 1 1 11 0 -1
ciMethod org/objectweb/asm/SymbolTable addBootstrapMethod (Lorg/objectweb/asm/Handle;[Ljava/lang/Object;)Lorg/objectweb/asm/Symbol; 1 1 11 0 -1
ciMethod org/objectweb/asm/SymbolTable hash (ILjava/lang/String;Ljava/lang/String;)I 2793 1 3213 0 -1
ciMethod org/objectweb/asm/SymbolTable hash (ILjava/lang/String;Ljava/lang/String;I)I 89 1 11 0 -1
ciMethod org/objectweb/asm/Symbol getArgumentsAndReturnSizes ()I 1065 1 1949 0 -1
ciMethod org/objectweb/asm/SymbolTable$Entry <init> (IILjava/lang/String;Ljava/lang/String;Ljava/lang/String;JI)V 1673 1 3221 0 -1
ciMethod org/objectweb/asm/SymbolTable$Entry <init> (IILjava/lang/String;Ljava/lang/String;I)V 2641 1 3048 0 -1
ciMethod org/objectweb/asm/ByteVector <init> ()V 2961 1 14872 0 0
ciMethod org/objectweb/asm/ByteVector putByte (I)Lorg/objectweb/asm/ByteVector; 2193 1 6711 0 -1
ciMethod org/objectweb/asm/ByteVector put11 (II)Lorg/objectweb/asm/ByteVector; 1249 1 6283 0 -1
ciMethod org/objectweb/asm/ByteVector putShort (I)Lorg/objectweb/asm/ByteVector; 2321 1 15188 0 288
ciMethod org/objectweb/asm/ByteVector put12 (II)Lorg/objectweb/asm/ByteVector; 2057 1 7466 0 -1
ciMethod org/objectweb/asm/ByteVector put122 (III)Lorg/objectweb/asm/ByteVector; 3257 1 6077 0 -1
ciMethod org/objectweb/asm/ByteVector enlarge (I)V 49 1 2716 0 0
ciMethod org/objectweb/asm/Frame <init> (Lorg/objectweb/asm/Label;)V 3857 1 10846 0 -1
ciMethod org/objectweb/asm/Frame getAbstractTypeFromApiFormat (Lorg/objectweb/asm/SymbolTable;Ljava/lang/Object;)I 273 1 50 0 -1
ciMethod org/objectweb/asm/Frame setInputFrameFromDescriptor (Lorg/objectweb/asm/SymbolTable;ILjava/lang/String;I)V 2553 1793 3431 0 -1
ciMethod org/objectweb/asm/Frame setInputFrameFromApiFormat (Lorg/objectweb/asm/SymbolTable;I[Ljava/lang/Object;I[Ljava/lang/Object;)V 0 0 1 0 -1
ciMethod org/objectweb/asm/Frame execute (IILorg/objectweb/asm/Symbol;Lorg/objectweb/asm/SymbolTable;)V 33265 1 45035 0 -1
ciMethod org/objectweb/asm/Frame accept (Lorg/objectweb/asm/MethodWriter;)V 3137 10969 4789 0 -1
ciMethod org/objectweb/asm/Label <init> ()V 2457 1 28731 0 -1
ciMethod org/objectweb/asm/Label addLineNumber (I)V 2073 1 1529 0 -1
ciMethod org/objectweb/asm/Label accept (Lorg/objectweb/asm/MethodVisitor;Z)V 2129 9 2553 0 0
ciMethod org/objectweb/asm/Label resolve ([BI)Z 2441 521 5431 0 -1
ciMethodData org/objectweb/asm/SymbolTable get (I)Lorg/objectweb/asm/SymbolTable$Entry; 2 39829 orig 264 88 29 68 83 0 0 0 0 168 241 79 30 0 0 0 0 40 1 0 0 0 0 0 0 0 0 0 0 0 0 0 0 0 0 0 0 0 0 0 0 0 0 0 0 0 0 0 0 0 0 0 0 0 0 0 0 0 0 0 0 0 0 0 0 0 0 0 0 0 0 0 0 0 0 0 0 0 0 0 0 77 68 79 32 101 120 116 114 97 32 100 97 116 97 32 108 111 99 107 0 0 0 0 0 0 0 0 0 0 0 0 0 0 0 0 0 0 0 0 0 0 0 0 0 0 0 0 0 0 0 0 0 0 0 0 0 0 0 0 0 0 0 0 0 0 0 0 0 0 0 0 0 0 0 0 0 0 0 0 0 0 0 0 0 0 0 0 0 0 0 0 0 0 0 0 0 0 0 0 0 0 0 0 0 1 0 0 0 0 0 0 0 0 0 0 0 0 0 0 0 1 0 0 0 0 0 0 0 0 0 0 0 0 0 0 0 0 1 0 0 169 212 4 0 1 0 0 0 0 0 0 0 0 0 0 0 2 0 0 0 0 0 3 0 1 0 0 0 0 0 0 0 255 255 255 255 0 0 0 0 0 0 0 0 data 0 oops 0
ciMethodData org/objectweb/asm/ByteVector putShort (I)Lorg/objectweb/asm/ByteVector; 2 15188 orig 264 88 29 68 83 0 0 0 0 40 75 80 30 0 0 0 0 88 1 0 0 0 0 0 0 0 0 0 0 0 0 0 0 0 0 0 0 0 0 0 0 0 0 0 0 0 0 0 0 0 0 0 0 0 0 0 0 0 0 0 0 0 0 0 0 0 0 0 0 0 0 0 0 0 0 0 0 0 0 0 0 77 68 79 32 101 120 116 114 97 32 100 97 116 97 32 108 111 99 107 0 0 0 0 0 0 0 0 0 0 0 0 0 0 0 0 0 0 0 0 0 0 0 0 0 0 0 0 0 0 0 0 0 0 0 0 0 0 0 0 0 0 0 0 0 1 0 0 0 0 0 0 0 0 0 0 0 0 0 0 0 0 0 0 0 0 0 0 0 0 0 0 0 0 0 0 0 0 0 0 1 0 0 0 0 0 0 0 0 0 0 0 0 0 0 0 0 0 0 0 0 0 0 0 0 0 0 0 0 0 0 0 0 0 0 0 0 34 1 0 0 145 209 1 0 1 0 0 0 11 20 0 0 0 0 0 0 2 0 0 0 0 0 6 0 2 0 0 0 48 0 0 0 255 255 255 255 7 224 13 0 0 0 0 0 data 6 0xde007 0x3a24 0x30 0xf 0x120002 0xf oops 0
ciMethodData org/objectweb/asm/ByteVector enlarge (I)V 2 2984 orig 264 88 29 68 83 0 0 0 0 88 87 80 30 0 0 0 0 152 1 0 0 32 0 0 0 0 0 0 0 0 0 0 0 0 0 0 0 0 0 0 0 0 0 0 0 0 0 0 0 0 0 0 0 0 0 0 0 0 0 0 0 0 0 0 0 0 0 0 0 0 0 0 0 0 0 0 0 0 0 0 0 77 68 79 32 101 120 116 114 97 32 100 97 116 97 32 108 111 99 107 0 0 0 0 0 0 0 0 0 0 0 0 0 0 0 0 0 0 0 0 0 0 0 0 0 0 0 0 0 0 0 0 0 0 0 0 0 0 0 0 0 0 0 0 0 0 0 0 0 0 0 0 0 0 0 0 0 0 0 0 0 0 0 0 0 0 0 0 0 0 0 0 0 0 0 0 0 0 0 0 0 0 0 0 0 25 0 0 0 0 0 0 0 0 0 0 0 0 0 0 0 1 0 0 0 0 0 0 0 0 0 0 0 0 0 0 0 6 0 0 0 17 93 0 0 1 0 0 0 0 0 0 0 0 0 0 0 2 0 0 0 0 0 6 0 2 0 0 0 72 0 0 0 255 255 255 255 7 0 17 0 0 0 0 0 data 9 0x110007 0x7b 0x38 0xb27 0x150003 0xb27 0x18 0x290002 0xba2 oops 0
ciMethodData org/objectweb/asm/MethodWriter visitVarInsn (II)V 2 5690 orig 264 88 29 68 83 0 0 0 0 216 119 79 30 0 0 0 0 104 5 0 0 80 3 0 0 0 0 0 0 0 0 0 0 0 0 0 0 0 0 0 0 0 0 0 0 0 0 0 0 0 0 0 0 0 0 0 0 0 0 0 0 0 0 0 0 0 0 0 0 0 0 0 0 0 0 0 0 0 0 0 0 77 68 79 32 101 120 116 114 97 32 100 97 116 97 32 108 111 99 107 0 0 0 0 0 0 0 0 0 0 0 0 0 0 0 0 0 0 0 0 0 0 0 0 0 0 0 0 0 0 0 0 0 0 0 0 0 0 0 0 0 0 0 0 0 0 0 0 0 0 0 0 0 0 0 0 0 0 0 0 0 0 0 0 0 0 0 0 0 0 0 0 0 0 0 0 0 0 0 0 0 0 0 0 0 0 0 0 0 0 0 0 0 0 0 0 0 0 0 0 0 0 0 0 0 0 0 0 0 0 0 0 0 0 0 0 0 0 2 0 0 209 161 0 0 1 0 0 0 0 0 0 0 0 0 0 0 2 0 0 0 0 0 49 0 2 0 0 0 16 4 0 0 255 255 255 255 7 0 13 0 0 0 0 0 data 130 0xd0007 0x12a 0xc0 0x1310 0x140007 0x0 0xa0 0x1310 0x1a0007 0x16c 0x38 0x11a4 0x290003 0x11a4 0x18 0x3d0005 0x0 0x1ac8e800 0x1310 0x0 0x0 0x410003 0x1310 0xe0 0x480007 0x12a 0x98 0x0 0x520005 0x0 0x0 0x0 0x0 0x0 0x570005 0x0 0x0 0x0 0x0 0x0 0x5b0003 0x0 0x48 0x640005 0x0 0x1ac8e800 0x12a 0x0 0x0 0x6c0007 0x257 0x110 0x11e3 0x740007 0x1158 0x40 0x8b 0x7c0007 0x8b 0x68 0x0 0x8a0005 0x0 0x220270f0 0x1158 0x0 0x0 0x8d0003 0x1158 0x80 0x940007 0x8b 0x48 0x0 0xb30002 0x0 0xb60003 0x0 0x38 0xc90007 0x72 0x20 0x19 0xda0007 0x257 0xd8 0x11e3 0xe00007 0x0 0x80 0x11e3 0xe60007 0x0 0x60 0x11e3 0xec0007 0x0 0x40 0x11e3 0xf20007 0x11e3 0x38 0x0 0xf90003 0x0 0x18 0x1050007 0x1132 0x20 0xb1 0x1100007 0x1291 0xa0 0x1a9 0x1180007 0x7d 0x80 0x12c 0x11f0007 0x12c 0x60 0x0 0x1270002 0x0 0x12a0005 0x0 0x0 0x0 0x0 0x0 oops 3 17 org/objectweb/asm/ByteVector 45 org/objectweb/asm/ByteVector 63 org/objectweb/asm/Frame
ciMethodData org/objectweb/asm/SymbolTable addConstantNameAndType (Ljava/lang/String;Ljava/lang/String;)I 2 3213 orig 264 88 29 68 83 0 0 0 0 168 4 80 30 0 0 0 0 64 3 0 0 16 0 0 0 0 0 0 0 0 0 0 0 0 0 0 0 0 0 0 0 0 0 0 0 0 0 0 0 0 0 0 0 0 0 0 0 0 0 0 0 0 0 0 0 0 0 0 0 0 0 0 0 0 0 0 0 0 0 0 0 77 68 79 32 101 120 116 114 97 32 100 97 116 97 32 108 111 99 107 0 0 0 0 0 0 0 0 0 0 0 0 0 0 0 0 0 0 0 0 0 0 0 0 0 0 0 0 0 0 0 0 0 0 0 0 0 0 0 0 0 0 0 0 0 0 0 0 0 0 0 0 0 0 0 0 0 0 0 0 0 0 0 0 0 0 0 0 0 0 0 0 0 0 0 0 0 0 0 0 0 0 0 0 0 0 0 0 0 0 0 0 0 0 0 0 0 0 0 0 0 0 0 0 0 0 0 0 0 0 0 0 0 0 0 0 0 209 0 0 0 225 93 0 0 137 38 0 0 0 0 0 0 0 0 0 0 2 0 0 0 1 0 15 0 2 0 0 0 232 1 0 0 255 255 255 255 2 0 7 0 0 0 0 0 data 61 0x70002 0xbbc 0xf0002 0xbbc 0x160007 0xb22 0x118 0x56b 0x200007 0x3e0 0xe0 0x18b 0x2a0007 0xf1 0xc0 0x9a 0x330005 0x8 0x3426920 0x92 0x0 0x0 0x360007 0x0 0x70 0x9a 0x3f0005 0x8 0x3426920 0x92 0x0 0x0 0x420007 0x0 0x20 0x9a 0x520003 0x4d1 0xffffffffffffff00 0x5d0005 0x85 0x2a67af20 0xa9d 0x0 0x0 0x620005 0x85 0x2a67af20 0xa9d 0x0 0x0 0x650005 0x85 0x1ac8e800 0xa9d 0x0 0x0 0x7f0002 0xb22 0x820002 0xb22 oops 5 18 java/lang/String 28 java/lang/String 41 org/objectweb/asm/SymbolTable 47 org/objectweb/asm/SymbolTable 53 org/objectweb/asm/ByteVector
ciMethodData org/objectweb/asm/MethodWriter visitLabel (Lorg/objectweb/asm/Label;)V 2 6593 orig 264 88 29 68 83 0 0 0 0 232 131 79 30 0 0 0 0 176 3 0 0 232 1 0 0 0 0 0 0 0 0 0 0 0 0 0 0 0 0 0 0 0 0 0 0 0 0 0 0 0 0 0 0 0 0 0 0 0 0 0 0 0 0 0 0 0 0 0 0 0 0 0 0 0 0 0 0 0 0 0 0 77 68 79 32 101 120 116 114 97 32 100 97 116 97 32 108 111 99 107 0 0 0 0 0 0 0 0 0 0 0 0 0 0 0 0 0 0 0 0 0 0 0 0 0 0 0 0 0 0 0 0 0 0 0 0 0 0 0 0 0 0 0 0 0 0 0 0 0 0 0 0 0 0 0 0 0 0 0 0 0 0 0 0 0 0 0 0 0 0 0 0 0 0 0 0 0 0 0 0 0 0 0 0 0 0 0 0 0 0 0 0 0 0 0 0 0 0 0 0 0 0 0 0 0 0 0 0 0 0 0 0 0 0 0 0 0 72 1 0 0 201 195 0 0 1 0 0 0 0 0 0 0 0 0 0 0 2 0 0 0 0 0 34 0 2 0 0 0 96 2 0 0 255 255 255 255 5 0 20 0 0 0 0 0 data 76 0x140005 0x8f 0x22b2b7f0 0x17ea 0x0 0x0 0x210007 0x1700 0x20 0x179 0x2a0007 0x98 0xd8 0x1668 0x310007 0xdff 0x50 0x869 0x3f0007 0x869 0x20 0x0 0x640002 0x869 0x6b0007 0xab6 0x40 0xbb2 0x790007 0x869 0x20 0x349 0xbb0002 0x131f 0xc10003 0x131f 0x150 0xc90007 0x98 0x70 0x0 0xd00007 0x0 0x38 0x0 0xd80003 0x0 0xf8 0xe60003 0x0 0xe0 0xee0007 0x98 0x88 0x0 0xf50007 0x0 0x30 0x0 0x10a0002 0x0 0x1200007 0x0 0x20 0x0 0x1300003 0x0 0x58 0x1380007 0x59 0x40 0x3f 0x13f0007 0x19 0x20 0x26 oops 1 2 org/objectweb/asm/Label
ciMethodData org/objectweb/asm/SymbolTable hash (ILjava/lang/String;Ljava/lang/String;)I 2 3213 orig 264 88 29 68 83 0 0 0 0 152 32 80 30 0 0 0 0 184 1 0 0 0 0 0 0 0 0 0 0 0 0 0 0 0 0 0 0 0 0 0 0 0 0 0 0 0 0 0 0 0 0 0 0 0 0 0 0 0 0 0 0 0 0 0 0 0 0 0 0 0 0 0 0 0 0 0 0 0 0 0 0 77 68 79 32 101 120 116 114 97 32 100 97 116 97 32 108 111 99 107 0 0 0 0 0 0 0 0 0 0 0 0 0 0 0 0 0 0 0 0 0 0 0 0 0 0 0 0 0 0 0 0 0 0 0 0 0 0 0 0 0 0 0 0 0 0 0 0 0 0 0 0 0 0 0 0 0 0 0 0 0 0 0 0 0 0 0 0 0 0 0 0 0 0 0 0 0 0 0 0 0 0 0 0 0 0 0 0 0 0 0 0 0 0 0 0 0 0 0 0 0 0 0 0 0 0 0 0 0 0 0 0 0 0 0 0 0 93 1 0 0 129 89 0 0 1 0 0 0 0 0 0 0 0 0 0 0 2 0 0 0 0 0 0 0 0 0 0 0 96 0 0 0 255 255 255 255 5 0 4 0 0 0 0 0 data 12 0x40005 0x1 0x3426920 0xb2f 0x0 0x0 0x80005 0x1 0x3426920 0xb2f 0x0 0x0 oops 2 2 java/lang/String 8 java/lang/String
ciMethodData org/objectweb/asm/ByteVector <init> ()V 2 14872 orig 264 88 29 68 83 0 0 0 0 200 70 80 30 0 0 0 0 48 1 0 0 0 0 0 0 0 0 0 0 0 0 0 0 0 0 0 0 0 0 0 0 0 0 0 0 0 0 0 0 0 0 0 0 0 0 0 0 0 0 0 0 0 0 0 0 0 0 0 0 0 0 0 0 0 0 0 0 0 0 0 0 77 68 79 32 101 120 116 114 97 32 100 97 116 97 32 108 111 99 107 0 0 0 0 0 0 0 0 0 0 0 0 0 0 0 0 0 0 0 0 0 0 0 0 0 0 0 0 0 0 0 0 0 0 0 0 0 0 0 0 0 0 0 0 0 0 0 0 0 0 0 0 0 0 0 0 0 0 0 0 0 0 0 0 0 0 0 0 0 0 0 0 0 0 0 0 0 0 0 0 0 0 0 0 0 0 0 0 0 0 0 0 0 0 0 0 0 0 0 0 0 0 0 0 0 0 0 0 0 0 0 0 0 0 0 0 0 114 1 0 0 49 197 1 0 1 0 0 0 0 0 0 0 0 0 0 0 2 0 0 0 0 0 3 0 2 0 0 0 16 0 0 0 255 255 255 255 2 0 1 0 0 0 0 0 data 2 0x10002 0x38a6 oops 0
ciMethod org/gradle/internal/resource/TextResource getLocation ()Lorg/gradle/internal/resource/ResourceLocation; 0 0 1 0 -1
ciMethodData org/objectweb/asm/SymbolTable addConstantUtf8 (Ljava/lang/String;)I 2 14467 orig 264 88 29 68 83 0 0 0 0 200 6 80 30 0 0 0 0 184 2 0 0 24 1 0 0 0 0 0 0 0 0 0 0 0 0 0 0 0 0 0 0 0 0 0 0 0 0 0 0 0 0 0 0 0 0 0 0 0 0 0 0 0 0 0 0 0 0 0 0 0 0 0 0 0 0 0 0 0 0 0 0 77 68 79 32 101 120 116 114 97 32 100 97 116 97 32 108 111 99 107 0 0 0 0 0 0 0 0 0 0 0 0 0 0 0 0 0 0 0 0 0 0 0 0 0 0 0 0 0 0 0 0 0 0 0 0 0 0 0 0 0 0 0 0 0 1 0 0 0 0 0 0 0 0 0 0 0 0 0 0 0 0 0 0 0 0 0 0 0 0 0 0 0 0 0 0 0 0 0 0 0 0 0 0 0 25 0 0 0 0 0 0 0 0 0 0 0 0 0 0 0 1 0 0 0 0 0 0 0 0 0 0 0 0 0 0 0 1 1 0 0 17 188 1 0 193 86 0 0 244 21 0 0 122 4 0 0 2 0 0 0 1 0 13 0 2 0 0 0 104 1 0 0 255 255 255 255 2 0 2 0 0 0 0 0 data 45 0x20002 0x3782 0x80002 0x3782 0xd0007 0x16ac 0xc8 0x2bae 0x150007 0x4bc 0x90 0x26f2 0x1d0007 0x61c 0x70 0x20d6 0x250005 0x1d 0x3426920 0x20b9 0x0 0x0 0x280007 0x0 0x20 0x20d6 0x350003 0xad8 0xffffffffffffff50 0x3d0005 0x0 0x1ac8e800 0x16ac 0x0 0x0 0x410005 0x0 0x1ac8e800 0x16ac 0x0 0x0 0x580002 0x16ad 0x5b0002 0x16ad oops 3 18 java/lang/String 31 org/objectweb/asm/ByteVector 37 org/objectweb/asm/ByteVector
ciMethodData org/objectweb/asm/SymbolTable put (Lorg/objectweb/asm/SymbolTable$Entry;)Lorg/objectweb/asm/SymbolTable$Entry; 2 14368 orig 264 88 29 68 83 0 0 0 0 96 243 79 30 0 0 0 0 64 2 0 0 0 0 0 0 0 0 0 0 0 0 0 0 0 0 0 0 0 0 0 0 0 0 0 0 0 0 0 0 0 0 0 0 0 0 0 0 0 0 0 0 0 0 0 0 0 0 0 0 0 0 0 0 0 0 0 0 0 0 0 0 77 68 79 32 101 120 116 114 97 32 100 97 116 97 32 108 111 99 107 0 0 0 0 0 0 0 0 0 0 0 0 0 0 0 0 0 0 0 0 0 0 0 0 0 0 0 0 0 0 0 0 0 0 0 0 0 0 0 0 0 0 0 0 0 0 0 0 0 0 0 0 0 0 0 0 0 0 0 0 0 0 0 0 0 0 0 0 0 0 0 0 0 0 0 0 0 0 0 0 0 0 0 0 0 25 0 0 0 0 0 0 0 0 0 0 0 0 0 0 0 1 0 0 0 0 0 0 0 2 0 0 0 0 0 0 0 193 1 0 0 233 198 0 0 249 178 1 0 0 0 0 0 0 0 0 0 2 0 0 0 2 0 12 0 2 0 0 0 240 0 0 0 255 255 255 255 7 0 13 0 0 0 0 0 data 30 0xd0007 0x18c5 0xc0 0x18 0x290007 0x18 0xa0 0x1f07 0x370007 0x1f07 0x68 0x1758 0x5a0004 0x0 0x2a9bd6b0 0x1758 0x0 0x0 0x5f0003 0x1758 0xffffffffffffffb0 0x650003 0x1f07 0xffffffffffffff78 0x940004 0x0 0x2a9bd6b0 0x18dd 0x0 0x0 oops 2 14 org/objectweb/asm/SymbolTable$Entry 26 org/objectweb/asm/SymbolTable$Entry
ciMethod org/gradle/internal/resource/ResourceLocation getURI ()Ljava/net/URI; 0 0 1 0 -1
ciMethod org/objectweb/asm/ClassReader readCode (Lorg/objectweb/asm/MethodVisitor;Lorg/objectweb/asm/Context;I)V 953 51121 844 0 -1
ciMethod org/objectweb/asm/ClassReader readLabel (I[Lorg/objectweb/asm/Label;)Lorg/objectweb/asm/Label; 1697 1 3873 0 -1
ciMethod org/objectweb/asm/ClassReader createLabel (I[Lorg/objectweb/asm/Label;)Lorg/objectweb/asm/Label; 1977 1 1946 0 0
ciMethod org/objectweb/asm/ClassReader createDebugLabel (I[Lorg/objectweb/asm/Label;)V 2153 1 3553 0 -1
ciMethod org/objectweb/asm/ClassReader readTypeAnnotations (Lorg/objectweb/asm/MethodVisitor;Lorg/objectweb/asm/Context;IZ)[I 0 0 1 0 -1
ciMethod org/objectweb/asm/ClassReader getTypeAnnotationBytecodeOffset ([II)I 2017 1 1688 0 -1
ciMethod org/objectweb/asm/ClassReader readTypeAnnotationTarget (Lorg/objectweb/asm/Context;I)I 0 0 1 0 -1
ciMethod org/objectweb/asm/ClassReader readElementValues (Lorg/objectweb/asm/AnnotationVisitor;IZ[C)I 377 177 160 0 -1
ciMethod org/objectweb/asm/ClassReader computeImplicitFrame (Lorg/objectweb/asm/Context;)V 0 0 1 0 -1
ciMethod org/objectweb/asm/ClassReader readStackMapFrame (IZZLorg/objectweb/asm/Context;)I 993 817 355 0 -1
ciMethod org/objectweb/asm/ClassReader readVerificationTypeInfo (I[Ljava/lang/Object;I[C[Lorg/objectweb/asm/Label;)I 2233 1 372 0 -1
ciMethod org/objectweb/asm/ClassReader readAttribute ([Lorg/objectweb/asm/Attribute;Ljava/lang/String;II[CI[Lorg/objectweb/asm/Label;)Lorg/objectweb/asm/Attribute; 0 0 1 0 -1
ciMethod org/objectweb/asm/ClassReader readByte (I)I 33 1 22 0 -1
ciMethod org/objectweb/asm/ClassReader readUnsignedShort (I)I 4097 1 53847 0 160
ciMethod org/objectweb/asm/ClassReader readShort (I)S 2049 1 2706 0 0
ciMethod org/objectweb/asm/ClassReader readInt (I)I 2121 1 1656 0 192
ciMethod org/objectweb/asm/ClassReader readLong (I)J 0 0 60 0 -1
ciMethod org/objectweb/asm/ClassReader readUTF8 (I[C)Ljava/lang/String; 2825 1 27471 0 0
ciMethod org/objectweb/asm/ClassReader readUtf (I[C)Ljava/lang/String; 2889 1 7024 0 1920
ciMethod org/objectweb/asm/ClassReader readUtf (II[C)Ljava/lang/String; 1545 34017 1102 0 1376
ciMethod org/objectweb/asm/ClassReader readStringish (I[C)Ljava/lang/String; 2145 1 7164 0 0
ciMethod org/objectweb/asm/ClassReader readClass (I[C)Ljava/lang/String; 2145 1 6962 0 0
ciMethod org/objectweb/asm/ClassReader readConstantDynamic (I[C)Lorg/objectweb/asm/ConstantDynamic; 0 0 1 0 -1
ciMethod org/objectweb/asm/ClassReader readConst (I[C)Ljava/lang/Object; 1633 1 1152 0 0
ciMethod org/gradle/groovy/scripts/internal/FileCacheBackedScriptClassCompiler$BuildScriptRemapper remap (Ljava/lang/String;)Ljava/lang/String; 2297 1 1262 0 -1
ciMethod org/gradle/groovy/scripts/internal/FileCacheBackedScriptClassCompiler$BuildScriptRemapper remap (Ljava/lang/Object;)Ljava/lang/Object; 2289 1 286 0 -1
ciMethod org/gradle/groovy/scripts/internal/FileCacheBackedScriptClassCompiler$BuildScriptRemapper remap (I[Ljava/lang/Object;)[Ljava/lang/Object; 1057 385 132 0 -1
ciMethod org/gradle/groovy/scripts/internal/FileCacheBackedScriptClassCompiler$BuildScriptRemapper access$400 (Lorg/gradle/groovy/scripts/internal/FileCacheBackedScriptClassCompiler$BuildScriptRemapper;Ljava/lang/String;)Ljava/lang/String; 2113 1 786 0 -1
ciMethod org/gradle/groovy/scripts/internal/FileCacheBackedScriptClassCompiler$BuildScriptRemapper access$600 (Lorg/gradle/groovy/scripts/internal/FileCacheBackedScriptClassCompiler$BuildScriptRemapper;I[Ljava/lang/Object;)[Ljava/lang/Object; 1057 1 132 0 -1
ciMethod org/gradle/groovy/scripts/internal/FileCacheBackedScriptClassCompiler$BuildScriptRemapper$MethodRenamer visitLocalVariable (Ljava/lang/String;Ljava/lang/String;Ljava/lang/String;Lorg/objectweb/asm/Label;Lorg/objectweb/asm/Label;I)V 449 1 56 0 -1
ciMethod org/gradle/groovy/scripts/internal/FileCacheBackedScriptClassCompiler$BuildScriptRemapper$MethodRenamer visitFrame (II[Ljava/lang/Object;I[Ljava/lang/Object;)V 529 1 66 0 0
ciMethodData org/objectweb/asm/ClassReader readUnsignedShort (I)I 2 55112 orig 264 88 29 68 83 0 0 0 0 136 130 117 33 0 0 0 0 40 1 0 0 0 0 0 0 0 0 0 0 0 0 0 0 0 0 0 0 0 0 0 0 0 0 0 0 0 0 0 0 0 0 0 0 0 0 0 0 0 0 0 0 0 0 0 0 0 0 0 0 0 0 0 0 0 0 0 0 0 0 0 0 77 68 79 32 101 120 116 114 97 32 100 97 116 97 32 108 111 99 107 0 0 0 0 0 0 0 0 0 0 0 0 0 0 0 0 0 0 0 0 0 0 0 0 0 0 0 0 0 0 0 0 0 0 0 0 0 0 0 0 0 0 0 0 0 0 0 0 0 0 0 0 0 0 0 0 0 0 0 0 0 0 0 0 0 0 0 0 0 0 0 0 0 0 0 0 0 0 0 0 0 0 0 0 0 0 0 0 0 0 0 0 0 0 0 0 0 0 0 0 0 0 0 0 0 0 0 0 0 0 0 0 0 0 0 0 0 0 2 0 0 25 170 6 0 1 0 0 0 0 0 0 0 0 0 0 0 2 0 0 0 0 0 3 0 1 0 0 0 0 0 0 0 255 255 255 255 0 0 0 0 0 0 0 0 data 0 oops 0
ciMethodData org/objectweb/asm/ClassReader readUTF8 (I[C)Ljava/lang/String; 2 28210 orig 264 88 29 68 83 0 0 0 0 0 134 117 33 0 0 0 0 248 1 0 0 80 0 0 0 0 0 0 0 0 0 0 0 0 0 0 0 0 0 0 0 0 0 0 0 0 0 0 0 0 0 0 0 0 0 0 0 0 0 0 0 0 0 0 0 0 0 0 0 0 0 0 0 0 0 0 0 0 0 0 0 77 68 79 32 101 120 116 114 97 32 100 97 116 97 32 108 111 99 107 0 0 0 0 0 0 0 0 0 0 0 0 0 0 0 0 0 0 0 0 0 0 0 0 0 0 0 0 0 0 0 0 0 0 0 0 0 0 0 0 0 0 0 0 0 0 0 0 0 0 0 0 0 0 0 0 0 0 0 0 0 0 0 0 0 0 0 0 0 0 0 0 0 0 0 0 0 0 0 0 0 0 0 0 0 0 0 0 0 0 0 0 0 0 0 0 0 0 0 0 0 0 0 0 0 0 0 0 0 0 0 0 0 0 0 0 0 97 1 0 0 137 102 3 0 1 0 0 0 0 0 0 0 0 0 0 0 2 0 0 0 0 0 8 0 2 0 0 0 160 0 0 0 255 255 255 255 5 0 2 0 0 0 0 0 data 20 0x20005 0x0 0x22b26840 0x6cd1 0x0 0x0 0x70007 0x3d 0x40 0x6c94 0xb0007 0x6c64 0x20 0x30 0x130005 0x29 0x22b26840 0x6c3b 0x0 0x0 oops 2 2 org/objectweb/asm/ClassReader 16 org/objectweb/asm/ClassReader
ciMethodData org/objectweb/asm/ClassReader readUtf (I[C)Ljava/lang/String; 2 7024 orig 264 88 29 68 83 0 0 0 0 0 135 117 33 0 0 0 0 232 1 0 0 0 0 0 0 0 0 0 0 0 0 0 0 0 0 0 0 0 0 0 0 0 0 0 0 0 0 0 0 0 0 0 0 0 0 0 0 0 0 0 0 0 0 0 0 0 0 0 0 0 0 0 0 0 0 0 0 0 0 0 0 77 68 79 32 101 120 116 114 97 32 100 97 116 97 32 108 111 99 107 0 0 0 0 0 0 0 0 0 0 0 0 0 0 0 0 0 0 0 0 0 0 0 0 0 0 0 0 0 0 0 0 0 0 0 0 0 0 0 0 0 0 0 0 0 0 0 0 0 0 0 0 0 0 0 0 0 0 0 0 0 0 0 0 0 0 0 0 0 0 0 0 0 0 0 0 0 0 0 0 0 0 0 0 0 0 0 0 0 0 0 0 0 0 0 0 0 0 0 0 0 0 0 0 0 0 0 0 0 0 0 0 0 0 0 0 0 103 1 0 0 57 208 0 0 1 0 0 0 0 0 0 0 0 0 0 0 2 0 0 0 0 0 5 0 2 0 0 0 144 0 0 0 255 255 255 255 7 0 8 0 0 0 0 0 data 18 0x80007 0x86d 0x20 0x119a 0x220005 0x0 0x22b26840 0x86d 0x0 0x0 0x260002 0x86d 0x2a0004 0x0 0x3426920 0x86d 0x0 0x0 oops 2 6 org/objectweb/asm/ClassReader 14 java/lang/String
ciMethodData org/gradle/groovy/scripts/internal/FileCacheBackedScriptClassCompiler$BuildScriptRemapper remap (Ljava/lang/String;)Ljava/lang/String; 1 1262 orig 264 88 29 68 83 0 0 0 0 224 73 118 33 0 0 0 0 152 3 0 0 184 1 0 0 0 0 0 0 0 0 0 0 0 0 0 0 0 0 0 0 0 0 0 0 0 0 0 0 0 0 0 0 0 0 0 0 0 0 0 0 0 0 0 0 0 0 0 0 0 0 0 0 0 0 0 0 0 0 0 0 77 68 79 32 101 120 116 114 97 32 100 97 116 97 32 108 111 99 107 0 0 0 0 0 0 0 0 0 0 0 0 0 0 0 0 0 0 0 0 0 0 0 0 0 0 0 0 0 0 0 0 0 0 0 0 0 0 0 0 0 0 0 0 0 0 0 0 0 0 0 0 0 0 0 0 0 0 0 0 0 0 0 0 0 0 0 0 0 0 0 0 0 0 0 0 0 0 0 0 0 0 0 0 0 0 0 0 0 0 0 0 0 0 0 0 0 0 0 0 0 0 0 0 0 0 0 0 0 0 0 0 0 0 0 0 0 31 1 0 0 121 30 0 0 1 0 0 0 0 0 0 0 0 0 0 0 2 0 0 0 0 0 12 0 2 0 0 0 72 2 0 0 255 255 255 255 7 0 1 0 0 0 0 0 data 73 0x10007 0x338 0x20 0x97 0x90005 0x0 0x3426920 0x338 0x0 0x0 0xc0007 0x338 0x118 0x0 0x130005 0x0 0x0 0x0 0x0 0x0 0x180005 0x0 0x0 0x0 0x0 0x0 0x1d0005 0x0 0x0 0x0 0x0 0x0 0x240007 0x0 0x38 0x0 0x280003 0x0 0x48 0x2c0005 0x0 0x0 0x0 0x0 0x0 0x330005 0x0 0x3426920 0x338 0x0 0x0 0x360007 0x338 0x50 0x0 0x3d0005 0x0 0x0 0x0 0x0 0x0 0x4a0005 0x0 0x2a778a70 0x338 0x0 0x0 0x4f0005 0x0 0x3426920 0x338 0x0 0x0 oops 4 6 java/lang/String 47 java/lang/String 63 org/gradle/groovy/scripts/CachingScriptSource 69 java/lang/String
ciMethodData org/objectweb/asm/ClassReader readUtf (II[C)Ljava/lang/String; 2 29640 orig 264 88 29 68 83 0 0 0 0 176 136 117 33 0 0 0 0 248 1 0 0 144 0 0 0 0 0 0 0 0 0 0 0 0 0 0 0 0 0 0 0 0 0 0 0 0 0 0 0 0 0 0 0 0 0 0 0 0 0 0 0 0 0 0 0 0 0 0 0 0 0 0 0 0 0 0 0 0 0 0 0 77 68 79 32 101 120 116 114 97 32 100 97 116 97 32 108 111 99 107 0 0 0 0 0 0 0 0 0 0 0 0 0 0 0 0 0 0 0 0 0 0 0 0 0 0 0 0 0 0 0 0 0 0 0 0 0 0 0 0 0 0 0 0 0 0 0 0 0 0 0 0 0 0 0 0 0 0 0 0 0 0 0 0 0 0 0 0 0 0 0 0 0 0 0 0 0 0 0 0 0 0 0 0 0 0 0 0 0 0 0 0 0 0 0 0 0 0 0 0 0 0 0 0 0 0 0 0 0 0 0 0 0 0 0 0 0 156 16 0 0 105 28 0 0 97 25 3 0 0 0 0 0 0 0 0 0 2 0 0 0 1 0 11 0 2 0 0 0 184 0 0 0 255 255 255 255 7 0 22 0 0 0 0 0 data 23 0x160007 0x38d 0xa8 0x632c 0x290007 0x0 0x38 0x632c 0x390003 0x632c 0x50 0x450007 0x0 0x38 0x0 0x640003 0x0 0x18 0x920003 0x632c 0xffffffffffffff70 0x9d0002 0x38d oops 0
ciMethodData org/objectweb/asm/MethodVisitor visitVarInsn (II)V 2 12580 orig 264 88 29 68 83 0 0 0 0 120 48 79 30 0 0 0 0 168 1 0 0 0 0 0 0 0 0 0 0 0 0 0 0 0 0 0 0 0 0 0 0 0 0 0 0 0 0 0 0 0 0 0 0 0 0 0 0 0 0 0 0 0 0 0 0 0 0 0 0 0 0 0 0 0 0 0 0 0 0 0 0 77 68 79 32 101 120 116 114 97 32 100 97 116 97 32 108 111 99 107 0 0 0 0 0 0 0 0 0 0 0 0 0 0 0 0 0 0 0 0 0 0 0 0 0 0 0 0 0 0 0 0 0 0 0 0 0 0 0 0 0 0 0 0 0 0 0 0 0 0 0 0 0 0 0 0 0 0 0 0 0 0 0 0 0 0 0 0 0 0 0 0 0 0 0 0 0 0 0 0 0 0 0 0 0 0 0 0 0 0 0 0 0 0 0 0 0 0 0 0 0 0 0 0 0 0 0 0 0 0 0 0 0 0 0 0 0 18 1 0 0 129 128 1 0 1 0 0 0 0 0 0 0 0 0 0 0 2 0 0 0 0 0 6 0 2 0 0 0 80 0 0 0 255 255 255 255 7 0 4 0 0 0 0 0 data 10 0x40007 0x2e22 0x50 0x1ee 0xd0005 0x0 0x1aa0a520 0xf7 0x22b2b690 0xf7 oops 2 6 org/gradle/internal/classpath/InstrumentingTransformer$InstrumentingMethodVisitor 8 org/objectweb/asm/MethodWriter
ciMethodData org/objectweb/asm/SymbolTable addBootstrapMethod (Lorg/objectweb/asm/Handle;[Ljava/lang/Object;)Lorg/objectweb/asm/Symbol; 1 98 orig 264 88 29 68 83 0 0 0 0 48 21 80 30 0 0 0 0 176 4 0 0 176 2 0 0 0 0 0 0 0 0 0 0 0 0 0 0 0 0 0 0 0 0 0 0 0 0 0 0 0 0 0 0 0 0 0 0 0 0 0 0 0 0 0 0 0 0 0 0 0 0 0 0 0 0 0 0 0 0 0 0 77 68 79 32 101 120 116 114 97 32 100 97 116 97 32 108 111 99 107 0 0 0 0 0 0 0 0 0 0 0 0 0 0 0 0 0 0 0 0 0 0 0 0 0 0 0 0 0 0 0 0 0 0 0 0 0 0 0 0 0 0 0 0 0 0 0 0 0 0 0 0 0 0 0 0 0 0 0 0 0 0 0 0 0 0 0 0 0 0 0 0 0 0 0 0 0 0 0 0 0 0 0 0 0 0 0 0 0 0 0 0 0 0 0 0 0 0 0 0 0 0 0 0 0 0 0 0 0 0 0 0 0 0 0 0 0 0 0 0 0 89 0 0 0 17 3 0 0 0 0 0 0 0 0 0 0 2 0 0 0 0 0 0 0 0 0 0 0 88 3 0 0 255 255 255 255 7 0 6 0 0 0 0 0 data 107 0x60007 0x6 0x30 0x5 0xe0002 0x5 0x250007 0xb 0x68 0x21 0x320005 0x21 0x0 0x0 0x0 0x0 0x390003 0x21 0xffffffffffffffb0 0x450005 0xb 0x0 0x0 0x0 0x0 0x490005 0xb 0x0 0x0 0x0 0x0 0x4d0005 0xb 0x0 0x0 0x0 0x0 0x510005 0xb 0x0 0x0 0x0 0x0 0x550005 0xb 0x0 0x0 0x0 0x0 0x580005 0xb 0x0 0x0 0x0 0x0 0x5e0005 0x0 0x1ac8e800 0xb 0x0 0x0 0x690005 0x0 0x1ac8e800 0xb 0x0 0x0 0x7c0007 0xb 0x98 0x21 0x8a0005 0x21 0x0 0x0 0x0 0x0 0x900005 0x0 0x1ac8e800 0x21 0x0 0x0 0x970003 0x21 0xffffffffffffff80 0xa40005 0xb 0x0 0x0 0x0 0x0 0xb80007 0xb 0x68 0x21 0xc60005 0x0 0x22b2ba00 0x16 0x22b2b950 0xb 0xcf0003 0x21 0xffffffffffffffb0 0xe00002 0xb oops 5 57 org/objectweb/asm/ByteVector 63 org/objectweb/asm/ByteVector 79 org/objectweb/asm/ByteVector 98 org/objectweb/asm/Type 100 org/objectweb/asm/Handle
ciMethodData org/objectweb/asm/SymbolTable addConstantDynamicOrInvokeDynamicReference (ILjava/lang/String;Ljava/lang/String;I)Lorg/objectweb/asm/Symbol; 1 11 orig 264 88 29 68 83 0 0 0 0 152 14 80 30 0 0 0 0 64 3 0 0 16 0 0 0 0 0 0 0 0 0 0 0 0 0 0 0 0 0 0 0 0 0 0 0 0 0 0 0 0 0 0 0 0 0 0 0 0 0 0 0 0 0 0 0 0 0 0 0 0 0 0 0 0 0 0 0 0 0 0 0 77 68 79 32 101 120 116 114 97 32 100 97 116 97 32 108 111 99 107 0 0 0 0 0 0 0 0 0 0 0 0 0 0 0 0 0 0 0 0 0 0 0 0 0 0 0 0 0 0 0 0 0 0 0 0 0 0 0 0 0 0 0 0 0 0 0 0 0 0 0 0 0 0 0 0 0 0 0 0 0 0 0 0 0 0 0 0 0 0 0 0 0 0 0 0 0 0 0 0 0 0 0 0 0 0 0 0 0 0 0 0 0 0 0 0 0 0 0 0 0 0 0 0 0 0 0 0 0 0 0 0 0 0 0 0 0 0 0 0 0 89 0 0 0 25 0 0 0 0 0 0 0 0 0 0 0 2 0 0 0 0 0 0 0 0 0 0 0 216 1 0 0 255 255 255 255 2 0 5 0 0 0 0 0 data 59 0x50002 0xb 0xd0002 0xb 0x140007 0xb 0x138 0x4 0x1d0007 0x4 0x100 0x0 0x270007 0x0 0xe0 0x0 0x330007 0x0 0xc0 0x0 0x3c0005 0x0 0x0 0x0 0x0 0x0 0x3f0007 0x0 0x70 0x0 0x480005 0x0 0x0 0x0 0x0 0x0 0x4b0007 0x0 0x20 0x0 0x580003 0x4 0xfffffffffffffee0 0x650005 0xb 0x0 0x0 0x0 0x0 0x680005 0xb 0x0 0x0 0x0 0x0 0x850002 0xb 0x880002 0xb oops 0
ciMethodData org/objectweb/asm/ClassReader readInt (I)I 2 1656 orig 264 88 29 68 83 0 0 0 0 64 132 117 33 0 0 0 0 40 1 0 0 0 0 0 0 0 0 0 0 0 0 0 0 0 0 0 0 0 0 0 0 0 0 0 0 0 0 0 0 0 0 0 0 0 0 0 0 0 0 0 0 0 0 0 0 0 0 0 0 0 0 0 0 0 0 0 0 0 0 0 0 77 68 79 32 101 120 116 114 97 32 100 97 116 97 32 108 111 99 107 0 0 0 0 0 0 0 0 0 0 0 0 0 0 0 0 0 0 0 0 0 0 0 0 0 0 0 0 0 0 0 0 0 0 0 0 0 0 0 0 0 0 0 0 0 0 0 0 0 0 0 0 0 0 0 0 0 0 0 0 0 0 0 0 0 0 0 0 0 0 0 0 0 0 0 0 0 0 0 0 0 0 0 0 0 0 0 0 0 0 0 0 0 0 0 0 0 0 0 0 0 0 0 0 0 0 0 0 0 0 0 0 0 0 0 0 0 9 1 0 0 121 43 0 0 1 0 0 0 0 0 0 0 0 0 0 0 2 0 0 0 0 0 3 0 1 0 0 0 0 0 0 0 255 255 255 255 0 0 0 0 0 0 0 0 data 0 oops 0
ciMethodData org/objectweb/asm/ClassReader readClass (I[C)Ljava/lang/String; 2 7164 orig 264 88 29 68 83 0 0 0 0 56 138 117 33 0 0 0 0 64 1 0 0 0 0 0 0 0 0 0 0 0 0 0 0 0 0 0 0 0 0 0 0 0 0 0 0 0 0 0 0 0 0 0 0 0 0 0 0 0 0 0 0 0 0 0 0 0 0 0 0 0 0 0 0 0 0 0 0 0 0 0 0 77 68 79 32 101 120 116 114 97 32 100 97 116 97 32 108 111 99 107 0 0 0 0 0 0 0 0 0 0 0 0 0 0 0 0 0 0 0 0 0 0 0 0 0 0 0 0 0 0 0 0 0 0 0 0 0 0 0 0 0 0 0 0 0 0 0 0 0 0 0 0 0 0 0 0 0 0 0 0 0 0 0 0 0 0 0 0 0 0 0 0 0 0 0 0 0 0 0 0 0 0 0 0 0 0 0 0 0 0 0 0 0 0 0 0 0 0 0 0 0 0 0 0 0 0 0 0 0 0 0 0 0 0 0 0 0 12 1 0 0 129 215 0 0 1 0 0 0 0 0 0 0 0 0 0 0 2 0 0 0 0 0 10 0 2 0 0 0 16 0 0 0 255 255 255 255 2 0 3 0 0 0 0 0 data 2 0x30002 0x1af0 oops 0
ciMethodData org/objectweb/asm/ClassReader readStringish (I[C)Ljava/lang/String; 2 7165 orig 264 88 29 68 83 0 0 0 0 120 137 117 33 0 0 0 0 184 1 0 0 0 0 0 0 0 0 0 0 0 0 0 0 0 0 0 0 0 0 0 0 0 0 0 0 0 0 0 0 0 0 0 0 0 0 0 0 0 0 0 0 0 0 0 0 0 0 0 0 0 0 0 0 0 0 0 0 0 0 0 0 77 68 79 32 101 120 116 114 97 32 100 97 116 97 32 108 111 99 107 0 0 0 0 0 0 0 0 0 0 0 0 0 0 0 0 0 0 0 0 0 0 0 0 0 0 0 0 0 0 0 0 0 0 0 0 0 0 0 0 0 0 0 0 0 0 0 0 0 0 0 0 0 0 0 0 0 0 0 0 0 0 0 0 0 0 0 0 0 0 0 0 0 0 0 0 0 0 0 0 0 0 0 0 0 0 0 0 0 0 0 0 0 0 0 0 0 0 0 0 0 0 0 0 0 0 0 0 0 0 0 0 0 0 0 0 0 12 1 0 0 137 215 0 0 1 0 0 0 0 0 0 0 0 0 0 0 2 0 0 0 0 0 9 0 2 0 0 0 96 0 0 0 255 255 255 255 5 0 7 0 0 0 0 0 data 12 0x70005 0x0 0x22b26840 0x1af1 0x0 0x0 0xc0005 0x0 0x22b26840 0x1af1 0x0 0x0 oops 2 2 org/objectweb/asm/ClassReader 8 org/objectweb/asm/ClassReader
ciMethod org/objectweb/asm/Handle <init> (ILjava/lang/String;Ljava/lang/String;Ljava/lang/String;Z)V 65 1 22 0 -1
ciMethodData org/objectweb/asm/ClassReader readLabel (I[Lorg/objectweb/asm/Label;)Lorg/objectweb/asm/Label; 2 5773 orig 264 88 29 68 83 0 0 0 0 128 94 117 33 0 0 0 0 184 1 0 0 0 0 0 0 0 0 0 0 0 0 0 0 0 0 0 0 0 0 0 0 0 0 0 0 0 0 0 0 0 0 0 0 0 0 0 0 0 0 0 0 0 0 0 0 0 0 0 0 0 0 0 0 0 0 0 0 0 0 0 0 77 68 79 32 101 120 116 114 97 32 100 97 116 97 32 108 111 99 107 0 0 0 0 0 0 0 0 0 0 0 0 0 0 0 0 0 0 0 0 0 0 0 0 0 0 0 0 0 0 0 0 0 0 0 0 0 0 0 0 0 0 0 0 0 0 0 0 0 0 0 0 0 0 0 0 0 0 0 0 0 0 0 0 0 0 0 0 0 0 0 0 0 0 0 0 0 0 0 0 0 0 0 0 0 0 0 0 0 0 0 0 0 0 0 0 0 0 0 0 0 0 0 0 0 0 0 0 0 0 0 0 0 0 0 0 0 212 0 0 0 201 173 0 0 1 0 0 0 0 0 0 0 0 0 0 0 2 0 0 0 0 0 6 0 2 0 0 0 96 0 0 0 255 255 255 255 7 0 3 0 0 0 0 0 data 12 0x30007 0x555 0x60 0x1064 0xc0002 0x1064 0xf0004 0x0 0x22b2b7f0 0x1064 0x0 0x0 oops 1 8 org/objectweb/asm/Label
ciMethodData org/objectweb/asm/Label accept (Lorg/objectweb/asm/MethodVisitor;Z)V 2 2593 orig 264 88 29 68 83 0 0 0 0 152 208 80 30 0 0 0 0 128 2 0 0 160 0 0 0 0 0 0 0 0 0 0 0 0 0 0 0 0 0 0 0 0 0 0 0 0 0 0 0 0 0 0 0 0 0 0 0 0 0 0 0 0 0 0 0 0 0 0 0 0 0 0 0 0 0 0 0 0 0 0 0 77 68 79 32 101 120 116 114 97 32 100 97 116 97 32 108 111 99 107 0 0 0 0 0 0 0 0 0 0 0 0 0 0 0 0 0 0 0 0 0 0 0 0 0 0 0 0 0 0 0 0 0 0 0 0 0 0 0 0 0 0 0 0 0 0 0 0 0 0 0 0 0 0 0 0 0 0 0 0 0 0 0 0 0 0 0 0 0 0 0 0 0 0 0 0 0 0 0 0 0 0 0 0 0 0 0 0 0 0 0 0 0 0 0 0 0 0 0 0 0 0 0 0 0 0 0 0 0 0 0 0 0 0 0 0 0 9 1 0 0 185 72 0 0 1 0 0 0 0 0 0 0 0 0 0 0 2 0 0 0 1 0 13 0 2 0 0 0 40 1 0 0 255 255 255 255 5 0 2 0 0 0 0 0 data 37 0x20005 0x352 0x22b2b690 0x565 0x22b2b8a0 0x60 0x60007 0x352 0xf8 0x5c5 0xd0007 0xa5 0xd8 0x520 0x190005 0x0 0x22b2b690 0x504 0x22b2b8a0 0x1c 0x200007 0x520 0x88 0x0 0x2c0007 0x0 0x68 0x0 0x370005 0x0 0x0 0x0 0x0 0x0 0x3d0003 0x0 0xffffffffffffffb0 oops 4 2 org/objectweb/asm/MethodWriter 4 org/gradle/groovy/scripts/internal/FileCacheBackedScriptClassCompiler$BuildScriptRemapper$MethodRenamer 16 org/objectweb/asm/MethodWriter 18 org/gradle/groovy/scripts/internal/FileCacheBackedScriptClassCompiler$BuildScriptRemapper$MethodRenamer
ciMethodData org/objectweb/asm/MethodWriter visitLineNumber (ILorg/objectweb/asm/Label;)V 2 1529 orig 264 88 29 68 83 0 0 0 0 80 148 79 30 0 0 0 0 232 1 0 0 32 0 0 0 0 0 0 0 0 0 0 0 0 0 0 0 0 0 0 0 0 0 0 0 0 0 0 0 0 0 0 0 0 0 0 0 0 0 0 0 0 0 0 0 0 0 0 0 0 0 0 0 0 0 0 0 0 0 0 0 77 68 79 32 101 120 116 114 97 32 100 97 116 97 32 108 111 99 107 0 0 0 0 0 0 0 0 0 0 0 0 0 0 0 0 0 0 0 0 0 0 0 0 0 0 0 0 0 0 0 0 0 0 0 0 0 0 0 0 0 0 0 0 0 0 0 0 0 0 0 0 0 0 0 0 0 0 0 0 0 0 0 0 0 0 0 0 0 0 0 0 0 0 0 0 0 0 0 0 0 0 0 0 0 0 0 0 0 0 0 0 0 0 0 0 0 0 0 0 0 0 0 0 0 0 0 0 0 0 0 0 0 0 0 0 0 72 1 0 0 137 37 0 0 1 0 0 0 0 0 0 0 0 0 0 0 2 0 0 0 0 0 6 0 2 0 0 0 144 0 0 0 255 255 255 255 7 0 4 0 0 0 0 0 data 18 0x40007 0x350 0x30 0x161 0xc0002 0x161 0x240005 0x0 0x1ac8e800 0x4b1 0x0 0x0 0x2d0005 0x0 0x1ac8e800 0x4b1 0x0 0x0 oops 2 8 org/objectweb/asm/ByteVector 14 org/objectweb/asm/ByteVector
ciMethodData org/objectweb/asm/MethodWriter visitLocalVariable (Ljava/lang/String;Ljava/lang/String;Ljava/lang/String;Lorg/objectweb/asm/Label;Lorg/objectweb/asm/Label;I)V 1 1017 orig 264 88 29 68 83 0 0 0 0 168 145 79 30 0 0 0 0 96 5 0 0 176 3 0 0 0 0 0 0 0 0 0 0 0 0 0 0 0 0 0 0 0 0 0 0 0 0 0 0 0 0 0 0 0 0 0 0 0 0 0 0 0 0 0 0 0 0 0 0 0 0 0 0 0 0 0 0 0 0 0 0 77 68 79 32 101 120 116 114 97 32 100 97 116 97 32 108 111 99 107 0 0 0 0 0 0 0 0 0 0 0 0 0 0 0 0 0 0 0 0 0 0 0 0 0 0 0 0 0 0 0 0 0 0 0 0 0 0 0 0 0 0 0 0 0 0 0 0 0 0 0 0 0 0 0 0 0 0 0 0 0 0 0 0 0 0 0 0 0 0 0 0 0 0 0 0 0 0 0 0 0 0 0 0 0 0 0 0 0 0 0 0 0 0 0 0 0 0 0 0 0 0 0 0 0 0 0 0 0 0 0 0 0 0 0 0 0 5 1 0 0 153 23 0 0 1 0 0 0 0 0 0 0 0 0 0 0 2 0 0 0 0 0 27 0 2 0 0 0 232 3 0 0 255 255 255 255 7 0 1 0 0 0 0 0 data 125 0x10007 0x28f 0x1a0 0x64 0x80007 0x22 0x30 0x42 0x100002 0x42 0x290005 0x0 0x1ac8e800 0x64 0x0 0x0 0x370005 0x0 0x1ac8e800 0x64 0x0 0x0 0x3f0005 0xb 0x2a67af20 0x59 0x0 0x0 0x420005 0x0 0x1ac8e800 0x64 0x0 0x0 0x4a0005 0xb 0x2a67af20 0x59 0x0 0x0 0x4d0005 0x0 0x1ac8e800 0x64 0x0 0x0 0x520005 0x0 0x1ac8e800 0x64 0x0 0x0 0x5a0007 0x1a0 0x30 0x153 0x620002 0x153 0x7b0005 0x0 0x1ac8e800 0x2f3 0x0 0x0 0x890005 0x0 0x1ac8e800 0x2f3 0x0 0x0 0x910005 0x4f 0x2a67af20 0x2a4 0x0 0x0 0x940005 0x0 0x1ac8e800 0x2f3 0x0 0x0 0x9c0005 0x4f 0x2a67af20 0x2a4 0x0 0x0 0x9f0005 0x0 0x1ac8e800 0x2f3 0x0 0x0 0xa40005 0x0 0x1ac8e800 0x2f3 0x0 0x0 0xac0007 0x2f3 0xc8 0x0 0xb10005 0x0 0x0 0x0 0x0 0x0 0xbc0007 0x0 0x40 0x0 0xc30007 0x0 0x38 0x0 0xc70003 0x0 0x18 0xd40007 0x0 0x20 0x0 oops 14 12 org/objectweb/asm/ByteVector 18 org/objectweb/asm/ByteVector 24 org/objectweb/asm/SymbolTable 30 org/objectweb/asm/ByteVector 36 org/objectweb/asm/SymbolTable 42 org/objectweb/asm/ByteVector 48 org/objectweb/asm/ByteVector 60 org/objectweb/asm/ByteVector 66 org/objectweb/asm/ByteVector 72 org/objectweb/asm/SymbolTable 78 org/objectweb/asm/ByteVector 84 org/objectweb/asm/SymbolTable 90 org/objectweb/asm/ByteVector 96 org/objectweb/asm/ByteVector
ciMethodData org/objectweb/asm/MethodWriter visitFrame (II[Ljava/lang/Object;I[Ljava/lang/Object;)V 1 419 orig 264 88 29 68 83 0 0 0 0 32 115 79 30 0 0 0 0 144 11 0 0 216 9 0 0 0 0 0 0 0 0 0 0 0 0 0 0 0 0 0 0 0 0 0 0 0 0 0 0 0 0 0 0 0 0 0 0 0 0 0 0 0 0 0 0 0 0 0 0 0 0 0 0 0 0 0 0 0 0 0 0 77 68 79 32 101 120 116 114 97 32 100 97 116 97 32 108 111 99 107 0 0 0 0 0 0 0 0 0 0 0 0 0 0 0 0 0 0 0 0 0 0 0 0 0 0 0 0 0 0 0 0 0 0 0 0 0 0 0 0 0 0 0 0 0 0 0 0 0 0 0 0 0 0 0 0 0 0 0 0 0 0 0 0 0 0 0 0 0 0 0 0 0 0 0 0 0 0 0 0 0 0 0 0 0 0 0 0 0 0 0 0 0 0 0 0 0 0 0 0 0 0 0 0 0 0 0 0 0 0 0 0 0 0 0 0 0 39 1 0 0 129 3 0 0 225 3 0 0 0 0 0 0 0 0 0 0 2 0 0 0 6 0 76 0 2 0 0 0 24 10 0 0 255 255 255 255 7 0 5 0 0 0 0 0 data 323 0x50007 0x70 0x20 0x0 0xe0007 0x70 0x160 0x0 0x180007 0x0 0xa8 0x0 0x270002 0x0 0x410005 0x0 0x0 0x0 0x0 0x0 0x4c0005 0x0 0x0 0x0 0x0 0x0 0x4f0003 0x0 0x870 0x540007 0x0 0x50 0x0 0x680005 0x0 0x0 0x0 0x0 0x0 0x730005 0x0 0x0 0x0 0x0 0x0 0x760003 0x0 0x7d8 0x7b0007 0x68 0x1d8 0x8 0x820007 0x0 0xb0 0x8 0x890002 0x8 0x980002 0x8 0x9b0002 0x8 0xb00005 0x1 0x220270f0 0x7 0x0 0x0 0xb60005 0x1 0x220270f0 0x7 0x0 0x0 0xc90005 0x1 0x22b2b690 0x7 0x0 0x0 0xd40007 0x8 0x48 0x8 0xe80002 0x8 0xef0003 0x8 0xffffffffffffffd0 0xf90007 0x8 0x48 0x8 0x10e0002 0x8 0x1150003 0x8 0xffffffffffffffd0 0x1190005 0x1 0x22b2b690 0x7 0x0 0x0 0x11c0003 0x8 0x600 0x1230005 0xf 0x2a67af20 0x59 0x0 0x0 0x1280007 0x68 0x30 0x0 0x1320002 0x0 0x13a0007 0x4c 0x48 0x1c 0x1420002 0x1c 0x1510003 0x1c 0x68 0x1660007 0x4c 0x50 0x0 0x16b0007 0x0 0x20 0x0 0x1730002 0x0 0x1780008 0xc 0x0 0x4e0 0x2 0x70 0x6 0x1d8 0x4 0x298 0x2 0x310 0x1 0x3f0 0x1a80005 0x0 0x1ac8e800 0xb 0x0 0x0 0x1ad0005 0x0 0x1ac8e800 0xb 0x0 0x0 0x1b10005 0x0 0x1ac8e800 0xb 0x0 0x0 0x1bb0007 0xb 0x48 0x2b 0x1c30002 0x2b 0x1c90003 0x2b 0xffffffffffffffd0 0x1d20005 0x0 0x1ac8e800 0xb 0x0 0x0 0x1dd0007 0xb 0x48 0xb 0x1e60002 0xb 0x1ec0003 0xb 0xffffffffffffffd0 0x1ef0003 0xb 0x330 0x2050005 0x0 0x1ac8e800 0x25 0x0 0x0 0x20a0005 0x0 0x1ac8e800 0x25 0x0 0x0 0x2140007 0x25 0x48 0x36 0x21c0002 0x36 0x2220003 0x36 0xffffffffffffffd0 0x2250003 0x25 0x270 0x23b0005 0x0 0x1ac8e800 0x18 0x0 0x0 0x2400005 0x0 0x1ac8e800 0x18 0x0 0x0 0x2440003 0x18 0x1f8 0x24b0007 0x2 0x68 0x19 0x2540005 0x0 0x1ac8e800 0x19 0x0 0x0 0x2580003 0x19 0x190 0x2620005 0x0 0x1ac8e800 0x2 0x0 0x0 0x2670005 0x0 0x1ac8e800 0x2 0x0 0x0 0x26b0003 0x2 0x118 0x2720007 0x0 0x68 0x5 0x27e0005 0x0 0x1ac8e800 0x5 0x0 0x0 0x2820003 0x5 0x78 0x28c0005 0x0 0x0 0x0 0x0 0x0 0x2910005 0x0 0x0 0x0 0x0 0x0 0x29a0002 0x5 0x29d0003 0x5 0x28 0x2a40002 0x0 0x2c20007 0x70 0xb8 0x0 0x2d20007 0x0 0x78 0x0 0x2dd0007 0x0 0x40 0x0 0x2e80007 0x0 0x20 0x0 0x2f80003 0x0 0xffffffffffffffa0 0x3030007 0x0 0x20 0x0 0x3150002 0x70 0x3240002 0x70 oops 17 64 org/objectweb/asm/Frame 70 org/objectweb/asm/Frame 76 org/objectweb/asm/MethodWriter 100 org/objectweb/asm/MethodWriter 109 org/objectweb/asm/SymbolTable 154 org/objectweb/asm/ByteVector 160 org/objectweb/asm/ByteVector 166 org/objectweb/asm/ByteVector 181 org/objectweb/asm/ByteVector 199 org/objectweb/asm/ByteVector 205 org/objectweb/asm/ByteVector 223 org/objectweb/asm/ByteVector 229 org/objectweb/asm/ByteVector 242 org/objectweb/asm/ByteVector 251 org/objectweb/asm/ByteVector 257 org/objectweb/asm/ByteVector 270 org/objectweb/asm/ByteVector
ciMethodData org/objectweb/asm/ClassReader readShort (I)S 2 2817 orig 264 88 29 68 83 0 0 0 0 88 131 117 33 0 0 0 0 40 1 0 0 0 0 0 0 0 0 0 0 0 0 0 0 0 0 0 0 0 0 0 0 0 0 0 0 0 0 0 0 0 0 0 0 0 0 0 0 0 0 0 0 0 0 0 0 0 0 0 0 0 0 0 0 0 0 0 0 0 0 0 0 77 68 79 32 101 120 116 114 97 32 100 97 116 97 32 108 111 99 107 0 0 0 0 0 0 0 0 0 0 0 0 0 0 0 0 0 0 0 0 0 0 0 0 0 0 0 0 0 0 0 0 0 0 0 0 0 0 0 0 0 0 0 0 0 0 0 0 0 0 0 0 0 0 0 0 0 0 0 0 0 0 0 0 0 0 0 0 0 0 0 0 0 0 0 0 0 0 0 0 0 0 0 0 0 0 0 0 0 0 0 0 0 0 0 0 0 0 0 0 0 0 0 0 0 0 0 0 0 0 0 0 0 0 0 0 0 0 1 0 0 9 80 0 0 1 0 0 0 0 0 0 0 0 0 0 0 2 0 0 0 0 0 3 0 1 0 0 0 0 0 0 0 255 255 255 255 0 0 0 0 0 0 0 0 data 0 oops 0
ciMethodData org/objectweb/asm/ClassReader readCode (Lorg/objectweb/asm/MethodVisitor;Lorg/objectweb/asm/Context;I)V 2 48529 orig 264 88 29 68 83 0 0 0 0 176 93 117 33 0 0 0 0 48 74 0 0 88 71 0 0 0 0 0 0 0 0 0 0 0 0 0 0 0 0 0 0 0 0 0 0 0 0 0 0 0 0 0 0 0 0 0 0 0 0 0 0 0 0 0 0 0 0 0 0 0 0 0 0 0 0 0 0 0 0 0 0 77 68 79 32 101 120 116 114 97 32 100 97 116 97 32 108 111 99 107 0 0 0 0 0 0 0 0 0 0 0 0 0 0 0 0 0 0 0 0 0 0 0 0 0 0 0 0 0 0 0 0 0 0 0 0 0 0 0 0 0 0 0 0 0 0 0 0 0 0 0 0 0 0 0 0 0 0 0 0 0 0 0 0 0 0 0 0 0 0 0 0 0 0 0 0 0 0 0 0 0 0 0 0 0 0 0 0 0 0 0 0 0 0 0 0 0 0 0 0 0 0 0 0 0 0 0 0 0 0 0 0 0 0 0 0 0 74 24 0 0 169 22 0 0 217 36 5 0 0 0 0 0 0 0 0 0 2 0 0 0 21 0 234 1 2 0 0 0 8 72 0 0 255 255 255 255 5 0 18 0 0 0 0 0 data 2305 0x120005 0x0 0x22b26840 0x2d5 0x0 0x0 0x1c0005 0x0 0x22b26840 0x2d5 0x0 0x0 0x260005 0x0 0x22b26840 0x2d5 0x0 0x0 0x4b0007 0x2d5 0x12d8 0x4473 0x620008 0x1bc 0x0 0x1290 0x9 0xdf0 0x4 0xdf0 0x0 0xdf0 0x0 0xdf0 0x0 0xdf0 0x0 0xdf0 0x0 0xdf0 0x0 0xdf0 0x0 0xdf0 0x0 0xdf0 0x0 0xdf0 0x0 0xdf0 0x0 0xdf0 0x0 0xdf0 0x0 0xdf0 0x0 0xdf0 0x1 0x1230 0x0 0x1248 0x5e 0x1230 0x0 0x1248 0x0 0x1248 0x0 0x1230 0x0 0x1230 0x0 0x1230 0x0 0x1230 0x0 0x1230 0x0 0xdf0 0x0 0xdf0 0x0 0xdf0 0x0 0xdf0 0x0 0xdf0 0x0 0xdf0 0x0 0xdf0 0x0 0xdf0 0x0 0xdf0 0x0 0xdf0 0x0 0xdf0 0x0 0xdf0 0x0 0xdf0 0x0 0xdf0 0x0 0xdf0 0x0 0xdf0 0x62 0xdf0 0x10 0xdf0 0x18 0xdf0 0x0 0xdf0 0x0 0xdf0 0x0 0xdf0 0x0 0xdf0 0x0 0xdf0 0x16 0xdf0 0x0 0xdf0 0x0 0xdf0 0x0 0xdf0 0x0 0x1230 0x0 0x1230 0x0 0x1230 0x0 0x1230 0x0 0x1230 0x0 0xdf0 0x0 0xdf0 0x0 0xdf0 0x0 0xdf0 0x0 0xdf0 0x0 0xdf0 0x0 0xdf0 0x0 0xdf0 0x0 0xdf0 0x0 0xdf0 0x0 0xdf0 0x0 0xdf0 0x0 0xdf0 0x0 0xdf0 0x0 0xdf0 0x0 0xdf0 0xf 0xdf0 0x10 0xdf0 0x4 0xdf0 0x4 0xdf0 0x0 0xdf0 0x0 0xdf0 0x0 0xdf0 0x0 0xdf0 0x16 0xdf0 0x0 0xdf0 0x0 0xdf0 0x0 0xdf0 0xf 0xdf0 0x0 0xdf0 0x1a 0xdf0 0x0 0xdf0 0x0 0xdf0 0x0 0xdf0 0x0 0xdf0 0x0 0xdf0 0x0 0xdf0 0x0 0xdf0 0x0 0xdf0 0x0 0xdf0 0x0 0xdf0 0x0 0xdf0 0x0 0xdf0 0x0 0xdf0 0x0 0xdf0 0x0 0xdf0 0x0 0xdf0 0x0 0xdf0 0x0 0xdf0 0x0 0xdf0 0x0 0xdf0 0x0 0xdf0 0x0 0xdf0 0x0 0xdf0 0x0 0xdf0 0x0 0xdf0 0x0 0xdf0 0x0 0xdf0 0x0 0xdf0 0x0 0xdf0 0x0 0xdf0 0x0 0xdf0 0x0 0xdf0 0x0 0xdf0 0x0 0xdf0 0x0 0xdf0 0x0 0xdf0 0x0 0xdf0 0x0 0xdf0 0x0 0xdf0 0x0 0xdf0 0x0 0xdf0 0x0 0xdf0 0x0 0x1248 0x0 0xdf0 0x0 0xdf0 0x0 0xdf0 0x0 0xdf0 0x0 0xdf0 0x0 0xdf0 0x0 0xdf0 0x0 0xdf0 0x0 0xdf0 0x0 0xdf0 0x0 0xdf0 0x0 0xdf0 0x0 0xdf0 0x0 0xdf0 0x0 0xdf0 0x0 0xdf0 0x0 0xdf0 0x0 0xdf0 0x0 0xdf0 0x0 0xdf0 0x0 0xe08 0x0 0xe08 0x0 0xe08 0x0 0xe08 0x0 0xe08 0x0 0xe08 0x0 0xe08 0x0 0xe08 0x0 0xe08 0x0 0xe08 0x0 0xe08 0x0 0xe08 0x5 0xe08 0x0 0xe08 0x0 0xe08 0x0 0xe08 0x0 0x1230 0x0 0x1030 0x0 0x1148 0x0 0xdf0 0x0 0xdf0 0x0 0xdf0 0x0 0xdf0 0x1d 0xdf0 0xa 0xdf0 0xf 0x1248 0xa 0x1248 0x5 0x1248 0x0 0x1248 0x1c 0x1248 0x15 0x1248 0x23 0x1248 0x16 0x1260 0x0 0x1260 0x10 0x1248 0x0 0x1230 0x5 0x1248 0x0 0xdf0 0x9 0xdf0 0x5 0x1248 0x0 0x1248 0x0 0xdf0 0x0 0xdf0 0x0 0xf10 0x0 0x1278 0x5 0xe08 0xa 0xe08 0x0 0xeb8 0x0 0xeb8 0x0 0xe60 0x0 0xe60 0x0 0xe60 0x0 0xe60 0x0 0xe60 0x0 0xe60 0x0 0xe60 0x0 0xe60 0x0 0xe60 0x0 0xe60 0x0 0xe60 0x0 0xe60 0x0 0xe60 0x0 0xe60 0x0 0xe60 0x0 0xe60 0x0 0xe60 0x0 0xe60 0x0 0xeb8 0x3e70003 0x201a 0x4b0 0x3f20005 0x0 0x22b26840 0x493 0x0 0x0 0x3f80002 0x493 0x3ff0003 0x493 0x458 0x40a0005 0x0 0x0 0x0 0x0 0x0 0x4100002 0x0 0x4170003 0x0 0x400 0x4220005 0x0 0x0 0x0 0x0 0x0 0x4280002 0x0 0x42f0003 0x0 0x3a8 0x43d0008 0x1a 0x0 0x110 0x0 0xe0 0x0 0xe0 0x0 0xe0 0x0 0xe0 0x0 0xe0 0x0 0xe0 0x0 0xe0 0x0 0xe0 0x0 0xe0 0x0 0xe0 0x0 0xf8 0x0 0xe0 0x4ab0003 0x0 0x2b0 0x4b10003 0x0 0x298 0x4b80002 0x0 0x4cd0005 0x0 0x22b26840 0xb 0x0 0x0 0x4d30002 0xb 0x4dd0005 0x0 0x22b26840 0xb 0x0 0x0 0x4e50005 0x0 0x22b26840 0xb 0x0 0x0 0x4f50007 0xb 0x1d0 0x77 0x4fe0005 0x0 0x22b26840 0x77 0x0 0x0 0x5040002 0x77 0x50b0003 0x77 0xffffffffffffffa0 0x51f0005 0x0 0x22b26840 0x7 0x0 0x0 0x5250002 0x7 0x52e0005 0x0 0x22b26840 0x7 0x0 0x0 0x53b0007 0x7 0xe8 0x4f 0x5460005 0x0 0x22b26840 0x4f 0x0 0x0 0x54c0002 0x4f 0x5530003 0x4f 0xffffffffffffffa0 0x5590003 0xaf0 0x70 0x55f0003 0x12f0 0x58 0x5650003 0x1d0 0x40 0x56b0003 0x4 0x28 0x5720002 0x0 0x5760003 0x4473 0xffffffffffffed40 0x57c0005 0x0 0x22b26840 0x2d5 0x0 0x0 0x5890007 0x2d5 0x188 0x19 0x5900005 0x0 0x22b26840 0x19 0x0 0x0 0x5950002 0x19 0x5a00005 0x0 0x22b26840 0x19 0x0 0x0 0x5a50002 0x19 0x5b00005 0x0 0x22b26840 0x19 0x0 0x0 0x5b50002 0x19 0x5c50005 0x0 0x22b26840 0x19 0x0 0x0 0x5cb0005 0x0 0x22b26840 0x19 0x0 0x0 0x5dc0005 0x0 0x22b2b690 0x2 0x22b2b740 0x17 0x5df0003 0x19 0xfffffffffffffe90 0x5fd0005 0x0 0x22b26840 0x2d5 0x0 0x0 0x60a0007 0x2d5 0x610 0x6a5 0x6120005 0x0 0x22b26840 0x6a5 0x0 0x0 0x61c0005 0x0 0x22b26840 0x6a5 0x0 0x0 0x6290005 0x26 0x3426920 0x67f 0x0 0x0 0x62c0007 0x3e5 0x140 0x2c0 0x6350007 0x160 0x528 0x160 0x6430005 0x0 0x22b26840 0x160 0x0 0x0 0x6500007 0x160 0xb8 0x310 0x6560005 0x0 0x22b26840 0x310 0x0 0x0 0x6600002 0x310 0x6680005 0x0 0x22b26840 0x310 0x0 0x0 0x6750002 0x310 0x67b0003 0x310 0xffffffffffffff60 0x67e0003 0x160 0x420 0x6860005 0x18 0x3426920 0x3cd 0x0 0x0 0x6890007 0x392 0x38 0x53 0x6900003 0x53 0x3b8 0x6980005 0x18 0x3426920 0x37a 0x0 0x0 0x69b0007 0xda 0x160 0x2b8 0x6a40007 0x160 0x350 0x158 0x6ae0005 0x0 0x22b26840 0x158 0x0 0x0 0x6bb0007 0x158 0xd8 0x49b 0x6c10005 0x0 0x22b26840 0x49b 0x0 0x0 0x6cb0005 0x0 0x22b26840 0x49b 0x0 0x0 0x6d80002 0x49b 0x6e20005 0x14 0x22b2b7f0 0x487 0x0 0x0 0x6e50003 0x49b 0xffffffffffffff40 0x6e80003 0x158 0x228 0x6ef0005 0x13 0x3426920 0xc7 0x0 0x0 0x6f20007 0xda 0x48 0x0 0x6fb0002 0x0 0x7000003 0x0 0x1b0 0x7070005 0x13 0x3426920 0xc7 0x0 0x0 0x70a0007 0xda 0x48 0x0 0x7130002 0x0 0x7180003 0x0 0x138 0x7200005 0x13 0x3426920 0xc7 0x0 0x0 0x7230007 0x0 0x58 0xda 0x72c0007 0x86 0xd0 0x54 0x73c0003 0x54 0xb0 0x7440005 0x0 0x0 0x0 0x0 0x0 0x7470007 0x0 0x58 0x0 0x7500007 0x0 0x48 0x0 0x7630003 0x0 0x28 0x7760002 0x0 0x78d0003 0x6a5 0xfffffffffffffa08 0x7970007 0x2d5 0x38 0x0 0x79b0003 0x0 0x18 0x7a30007 0x281 0x148 0x54 0x7d30007 0x54 0x30 0x0 0x7d80002 0x0 0x7e50007 0x54 0xf8 0x505 0x7ef0007 0x504 0xc0 0x1 0x7f70005 0x0 0x22b26840 0x1 0x0 0x0 0x7fe0007 0x0 0x70 0x1 0x8050007 0x1 0x50 0x0 0x8170007 0x0 0x30 0x0 0x81f0002 0x0 0x8260003 0x505 0xffffffffffffff20 0x82b0007 0x2d5 0x70 0x0 0x8360007 0x0 0x50 0x0 0x8400005 0x0 0x0 0x0 0x0 0x0 0x84a0002 0x2d5 0x8560002 0x2d5 0x8660007 0x0 0x38 0x2d5 0x86b0003 0x2d5 0x18 0x8790007 0x2d5 0x2358 0x4473 0x88c0007 0x3c2a 0x88 0x849 0x8980007 0x32a 0x38 0x51f 0x89c0003 0x51f 0x18 0x8a00005 0x44 0x22b2b7f0 0x805 0x0 0x0 0x8a50007 0x38ef 0x198 0xcc5 0x8ae0007 0xed 0x40 0xbd8 0x8b60007 0xb84 0x158 0x54 0x8be0007 0x54 0xd8 0xed 0x8c30007 0x0 0x40 0xed 0x8c80007 0xed 0x68 0x0 0x8dd0005 0x0 0x0 0x0 0x0 0x0 0x8e00003 0x0 0x48 0x8f80005 0x0 0x22b2b8a0 0x1d 0x22b2b690 0xd0 0x9020007 0x54 0x48 0xed 0x90d0002 0xed 0x9120003 0xed 0xfffffffffffffe98 0x9180003 0x54 0xfffffffffffffe80 0x91d0007 0x4473 0x70 0x0 0x9270007 0x0 0x50 0x0 0x9320005 0x0 0x0 0x0 0x0 0x0 0x9450008 0x1bc 0x0 0x1e30 0x9 0xdf0 0x4 0xdf0 0x0 0xdf0 0x0 0xdf0 0x0 0xdf0 0x0 0xdf0 0x0 0xdf0 0x0 0xdf0 0x0 0xdf0 0x0 0xdf0 0x0 0xdf0 0x0 0xdf0 0x0 0xdf0 0x0 0xdf0 0x0 0xdf0 0x0 0xdf0 0x1 0x1648 0x0 0x1690 0x5e 0x1708 0x0 0x1780 0x0 0x1780 0x0 0x1600 0x0 0x1600 0x0 0x1600 0x0 0x1600 0x0 0x1600 0x0 0xe38 0x0 0xe38 0x0 0xe38 0x0 0xe38 0x0 0xe38 0x0 0xe38 0x0 0xe38 0x0 0xe38 0x0 0xe38 0x0 0xe38 0x0 0xe38 0x0 0xe38 0x0 0xe38 0x0 0xe38 0x0 0xe38 0x0 0xe38 0x62 0xe38 0x10 0xe38 0x18 0xe38 0x0 0xe38 0x0 0xdf0 0x0 0xdf0 0x0 0xdf0 0x0 0xdf0 0x16 0xdf0 0x0 0xdf0 0x0 0xdf0 0x0 0xdf0 0x0 0x1600 0x0 0x1600 0x0 0x1600 0x0 0x1600 0x0 0x1600 0x0 0xe80 0x0 0xe80 0x0 0xe80 0x0 0xe80 0x0 0xe80 0x0 0xe80 0x0 0xe80 0x0 0xe80 0x0 0xe80 0x0 0xe80 0x0 0xe80 0x0 0xe80 0x0 0xe80 0x0 0xe80 0x0 0xe80 0x0 0xe80 0xf 0xe80 0x10 0xe80 0x4 0xe80 0x4 0xe80 0x0 0xdf0 0x0 0xdf0 0x0 0xdf0 0x0 0xdf0 0x16 0xdf0 0x0 0xdf0 0x0 0xdf0 0x0 0xdf0 0xf 0xdf0 0x0 0xdf0 0x1a 0xdf0 0x0 0xdf0 0x0 0xdf0 0x0 0xdf0 0x0 0xdf0 0x0 0xdf0 0x0 0xdf0 0x0 0xdf0 0x0 0xdf0 0x0 0xdf0 0x0 0xdf0 0x0 0xdf0 0x0 0xdf0 0x0 0xdf0 0x0 0xdf0 0x0 0xdf0 0x0 0xdf0 0x0 0xdf0 0x0 0xdf0 0x0 0xdf0 0x0 0xdf0 0x0 0xdf0 0x0 0xdf0 0x0 0xdf0 0x0 0xdf0 0x0 0xdf0 0x0 0xdf0 0x0 0xdf0 0x0 0xdf0 0x0 0xdf0 0x0 0xdf0 0x0 0xdf0 0x0 0xdf0 0x0 0xdf0 0x0 0xdf0 0x0 0xdf0 0x0 0xdf0 0x0 0xdf0 0x0 0xdf0 0x0 0xdf0 0x0 0xdf0 0x0 0xdf0 0x0 0xdf0 0x0 0x1d70 0x0 0xdf0 0x0 0xdf0 0x0 0xdf0 0x0 0xdf0 0x0 0xdf0 0x0 0xdf0 0x0 0xdf0 0x0 0xdf0 0x0 0xdf0 0x0 0xdf0 0x0 0xdf0 0x0 0xdf0 0x0 0xdf0 0x0 0xdf0 0x0 0xdf0 0x0 0xdf0 0x0 0xdf0 0x0 0xdf0 0x0 0xdf0 0x0 0xdf0 0x0 0xec8 0x0 0xec8 0x0 0xec8 0x0 0xec8 0x0 0xec8 0x0 0xec8 0x0 0xec8 0x0 0xec8 0x0 0xec8 0x0 0xec8 0x0 0xec8 0x0 0xec8 0x5 0xec8 0x0 0xec8 0x0 0xec8 0x0 0xec8 0x0 0x1600 0x0 0x1320 0x0 0x1490 0x0 0xdf0 0x0 0xdf0 0x0 0xdf0 0x0 0xdf0 0x1d 0xdf0 0xa 0xdf0 0xf 0x1828 0xa 0x1828 0x5 0x1828 0x0 0x1828 0x1c 0x1828 0x15 0x1828 0x23 0x1828 0x16 0x1828 0x0 0x1a38 0x10 0x1cf8 0x0 0x1648 0x5 0x1cf8 0x0 0xdf0 0x9 0xdf0 0x5 0x1cf8 0x0 0x1cf8 0x0 0xdf0 0x0 0xdf0 0x0 0x11e0 0x0 0x1db8 0x5 0xec8 0xa 0xec8 0x0 0xf40 0x0 0xf40 0x0 0xfb8 0x0 0xfb8 0x0 0xfb8 0x0 0xfb8 0x0 0xfb8 0x0 0xfb8 0x0 0xfb8 0x0 0xfb8 0x0 0xfb8 0x0 0xfb8 0x0 0xfb8 0x0 0xfb8 0x0 0xfb8 0x0 0xfb8 0x0 0xfb8 0x0 0xfb8 0x0 0xfb8 0x0 0xfb8 0x0 0x1168 0xccb0005 0xa7a 0x22b2b8a0 0x92 0x22b2b690 0x311 0xcd10003 0xe1d 0x1020 0xce30005 0xade 0x22b2b8a0 0x8a 0x22b2b690 0x51b 0xce90003 0x1083 0xfd8 0xcfb0005 0xc7 0x22b2b8a0 0x27 0x22b2b690 0x8c 0xd010003 0x17a 0xf90 0xd100005 0x0 0x22b26840 0x493 0x0 0x0 0xd150005 0x384 0x22b2b8a0 0x14 0x22b2b690 0xfb 0xd1b0003 0x493 0xf18 0xd2d0005 0x0 0x0 0x0 0x0 0x0 0xd320005 0x0 0x0 0x0 0x0 0x0 0xd380003 0x0 0xea0 0xd400007 0x0 0x38 0x0 0xd480003 0x0 0x18 0xd5b0005 0x0 0x0 0x0 0x0 0x0 0xd670007 0x0 0x40 0x0 0xd6f0007 0x0 0x68 0x0 0xd7a0005 0x0 0x0 0x0 0x0 0x0 0xd7d0003 0x0 0xc0 0xd850007 0x0 0x38 0x0 0xd900003 0x0 0x18 0xda00002 0x0 0xdaa0005 0x0 0x0 0x0 0x0 0x0 0xdb30005 0x0 0x0 0x0 0x0 0x0 0xdbc0003 0x0 0xcf0 0xdcc0005 0x0 0x0 0x0 0x0 0x0 0xdd10005 0x0 0x0 0x0 0x0 0x0 0xdda0003 0x0 0xc78 0xdef0007 0x0 0xc8 0x0 0xdf80005 0x0 0x0 0x0 0x0 0x0 0xe000005 0x0 0x0 0x0 0x0 0x0 0xe030005 0x0 0x0 0x0 0x0 0x0 0xe090003 0x0 0xbb0 0xe140005 0x0 0x0 0x0 0x0 0x0 0xe170005 0x0 0x0 0x0 0x0 0x0 0xe1d0003 0x0 0xb38 0xe320005 0x0 0x22b26840 0xb 0x0 0x0 0xe3e0005 0x0 0x22b26840 0xb 0x0 0x0 0xe490005 0x0 0x22b26840 0xb 0x0 0x0 0xe650007 0xb 0x98 0x77 0xe730005 0x0 0x22b26840 0x77 0x0 0x0 0xe780004 0x0 0x22b2b7f0 0x77 0x0 0x0 0xe7f0003 0x77 0xffffffffffffff80 0xe8b0005 0x0 0x22b2b740 0xb 0x0 0x0 0xe8e0003 0xb 0x9c8 0xea30005 0x0 0x22b26840 0x7 0x0 0x0 0xeaf0005 0x0 0x22b26840 0x7 0x0 0x0 0xecb0007 0x7 0xc8 0x4f 0xed50005 0x0 0x22b26840 0x4f 0x0 0x0 0xee60005 0x0 0x22b26840 0x4f 0x0 0x0 0xeeb0004 0x0 0x22b2b7f0 0x4f 0x0 0x0 0xef20003 0x4f 0xffffffffffffff50 0xefc0005 0x0 0x22b2b740 0x7 0x0 0x0 0xeff0003 0x7 0x858 0xf100005 0x0 0x22b2b690 0x16f 0x22b2b740 0x628 0xf160003 0x797 0x810 0xf230005 0x5e 0x22b2b8a0 0x1 0x22b2b690 0x17 0xf290003 0x76 0x7c8 0xf340005 0x0 0x0 0x0 0x0 0x0 0xf370005 0x0 0x0 0x0 0x0 0x0 0xf3d0003 0x0 0x750 0xf4f0005 0x0 0x22b26840 0x2e3 0x0 0x0 0xf520005 0x146 0x22b2b8a0 0x5e 0x22b2b690 0x13f 0xf580003 0x2e3 0x6d8 0xf620005 0x0 0x22b26840 0x37 0x0 0x0 0xf670005 0x0 0x22b26840 0x37 0x0 0x0 0xf6a0005 0x0 0x22b2b740 0x37 0x0 0x0 0xf700003 0x37 0x630 0xf7c0005 0x0 0x22b26840 0x1258 0x0 0x0 0xf8b0005 0x0 0x22b26840 0x1258 0x0 0x0 0xf960005 0x0 0x22b26840 0x1258 0x0 0x0 0xfa00005 0x0 0x22b26840 0x1258 0x0 0x0 0xfac0005 0x0 0x22b26840 0x1258 0x0 0x0 0xfb60007 0xb20 0x68 0x738 0xfc20005 0x54e 0x22b2b8a0 0x1e 0x22b2b690 0x1cc 0xfc50003 0x738 0x80 0xfd10007 0x959 0x38 0x1c7 0xfd50003 0x1c7 0x18 0xfe60005 0x5ee 0x22b2b8a0 0x6a 0x22b2b690 0x4c8 0xfee0007 0x1091 0x38 0x1c7 0xff40003 0x1c7 0x438 0xffa0003 0x1091 0x420 0x10060005 0x0 0x22b26840 0x9 0x0 0x0 0x10150005 0x0 0x22b26840 0x9 0x0 0x0 0x10200005 0x0 0x22b26840 0x9 0x0 0x0 0x102c0005 0x0 0x22b26840 0x9 0x0 0x0 0x10380005 0x0 0x22b26840 0x9 0x0 0x0 0x10420005 0x0 0x22b26840 0x9 0x0 0x0 0x10470005 0x0 0x22b26840 0x9 0x0 0x0 0x104a0004 0x0 0x22b2b950 0x9 0x0 0x0 0x10540005 0x0 0x22b26840 0x9 0x0 0x0 0x10670007 0x9 0xc8 0x1b 0x10720005 0x0 0x22b26840 0x1b 0x0 0x0 0x10770005 0x0 0x22b26840 0x1b 0x0 0x0 0x107a0004 0x0 0x22b2ba00 0x12 0x22b2b950 0x9 0x10810003 0x1b 0xffffffffffffff50 0x108d0005 0x0 0x22b2b690 0x9 0x0 0x0 0x10930003 0x9 0x160 0x10a00005 0x0 0x22b26840 0x1c2 0x0 0x0 0x10a30005 0xc5 0x22b2b8a0 0x1a 0x22b2b690 0xe3 0x10a90003 0x1c2 0xe8 0x10bf0005 0x0 0x22b2b690 0x5 0x22b2b740 0x61 0x10c50003 0x66 0xa0 0x10d00005 0x0 0x22b26840 0x4 0x0 0x0 0x10de0005 0x0 0x22b2b740 0x4 0x0 0x0 0x10e40003 0x4 0x28 0x10eb0002 0x0 0x10f10007 0x4473 0x128 0x0 0x10f90007 0x0 0x108 0x0 0x11000007 0x0 0xe8 0x0 0x11070007 0x0 0xa0 0x0 0x11110002 0x0 0x111b0005 0x0 0x0 0x0 0x0 0x0 0x11300005 0x0 0x0 0x0 0x0 0x0 0x11380002 0x0 0x11440002 0x0 0x11490003 0x0 0xfffffffffffffef0 0x114e0007 0x4473 0x128 0x0 0x11560007 0x0 0x108 0x0 0x115d0007 0x0 0xe8 0x0 0x11640007 0x0 0xa0 0x0 0x116e0002 0x0 0x11780005 0x0 0x0 0x0 0x0 0x0 0x118d0005 0x0 0x0 0x0 0x0 0x0 0x11950002 0x0 0x11a10002 0x0 0x11a60003 0x0 0xfffffffffffffef0 0x11a90003 0x4473 0xffffffffffffdcc0 0x11b10007 0x183 0x50 0x152 0x11ba0005 0x0 0x22b2b690 0x152 0x0 0x0 0x11bf0007 0x175 0x390 0x160 0x11c80007 0x0 0x370 0x160 0x11d00007 0x11e 0xe8 0x42 0x11d60005 0x0 0x22b26840 0x42 0x0 0x0 0x11ec0007 0x42 0x98 0x64 0x12090005 0x0 0x22b26840 0x64 0x0 0x0 0x12170005 0x0 0x22b26840 0x64 0x0 0x0 0x121e0003 0x64 0xffffffffffffff80 0x12240005 0x0 0x22b26840 0x160 0x0 0x0 0x12340007 0x160 0x238 0x310 0x123a0005 0x0 0x22b26840 0x310 0x0 0x0 0x12440005 0x0 0x22b26840 0x310 0x0 0x0 0x12500005 0x0 0x22b26840 0x310 0x0 0x0 0x125d0005 0x0 0x22b26840 0x310 0x0 0x0 0x12680005 0x0 0x22b26840 0x310 0x0 0x0 0x12750007 0x1fd 0xe0 0x113 0x12800007 0xaf 0xc0 0x24f 0x128a0007 0x168 0x88 0xe7 0x12960007 0x83 0x68 0x64 0x12a30005 0x0 0x22b26840 0x64 0x0 0x0 0x12a80003 0x64 0x30 0x12ae0003 0x1eb 0xffffffffffffff58 0x12c70005 0x0 0x22b2b8a0 0x1a 0x22b2b690 0x2f6 0x12ca0003 0x310 0xfffffffffffffde0 0x12cf0007 0x2d5 0x148 0x0 0x12e20007 0x0 0x128 0x0 0x12ef0005 0x0 0x0 0x0 0x0 0x0 0x12f80007 0x0 0x40 0x0 0x12ff0007 0x0 0xa0 0x0 0x13060002 0x0 0x13100005 0x0 0x0 0x0 0x0 0x0 0x13310005 0x0 0x0 0x0 0x0 0x0 0x13390002 0x0 0x13400003 0x0 0xfffffffffffffef0 0x13450007 0x2d5 0x148 0x0 0x13580007 0x0 0x128 0x0 0x13650005 0x0 0x0 0x0 0x0 0x0 0x136e0007 0x0 0x40 0x0 0x13750007 0x0 0xa0 0x0 0x137c0002 0x0 0x13860005 0x0 0x0 0x0 0x0 0x0 0x13a70005 0x0 0x0 0x0 0x0 0x0 0x13af0002 0x0 0x13b60003 0x0 0xfffffffffffffef0 0x13bb0007 0x2d5 0x68 0x0 0x13ce0005 0x0 0x0 0x0 0x0 0x0 0x13d50003 0x0 0xffffffffffffffb0 0x13dd0005 0x160 0x22b2b8a0 0x22 0x22b2b690 0x153